0a:000001:3:1041905972.884664 (module.c:454:kportal_ioctl() 16946+1300): Process leaving (rc=0 : 0 : 0)
0a:000001:3:1041905974.210529 (module.c:212:kportal_psdev_release() 16946+324): Process entered
0a:000001:3:1041905974.210536 (module.c:218:kportal_psdev_release() 16946+340): Process leaving (rc=0 : 0 : 0)
0a:000001:3:1041905974.210541 (module.c:212:kportal_psdev_release() 16946+324): Process entered
0a:000001:3:1041905974.210545 (module.c:218:kportal_psdev_release() 16946+340): Process leaving (rc=0 : 0 : 0)
07:000001:3:1041905980.025285 (super.c:299:ll_clear_inode() 16947+348): Process entered
05:000001:3:1041905980.025294 (genops.c:275:class_conn2export() 16947+556): Process entered
05:000080:3:1041905980.025299 (genops.c:294:class_conn2export() 16947+572): looking for export addr 0xe9c5cee4 cookie 0x390d86d4617b981c
05:000001:3:1041905980.025307 (genops.c:301:class_conn2export() 16947+572): Process leaving (rc=3922054884 : -372912412 : e9c5cee4)
01:000001:3:1041905980.025312 (mdc_request.c:433:mdc_cancel_unused() 16947+476): Process entered
11:000001:3:1041905980.025316 (ldlm_request.c:621:ldlm_cli_cancel_unused() 16947+524): Process entered
11:000001:3:1041905980.025321 (ldlm_request.c:556:ldlm_cli_cancel_unused_resource() 16947+620): Process entered
11:000001:3:1041905980.025325 (ldlm_resource.c:332:ldlm_resource_get() 16947+684): Process entered
11:000001:3:1041905980.025331 (ldlm_resource.c:357:ldlm_resource_get() 16947+700): Process leaving (rc=0 : 0 : 0)
11:000040:3:1041905980.025335 (ldlm_request.c:561:ldlm_cli_cancel_unused_resource() 16947+620): No resource 12
11:000001:3:1041905980.025339 (ldlm_request.c:562:ldlm_cli_cancel_unused_resource() 16947+636): Process leaving (rc=0 : 0 : 0)
11:000001:3:1041905980.025344 (ldlm_request.c:624:ldlm_cli_cancel_unused() 16947+540): Process leaving (rc=0 : 0 : 0)
01:000001:3:1041905980.025348 (mdc_request.c:434:mdc_cancel_unused() 16947+492): Process leaving (rc=0 : 0 : 0)
07:000001:3:1041905980.025352 (super.c:327:ll_clear_inode() 16947+348): Process leaving
07:000001:3:1041905980.025358 (super.c:260:ll_put_super() 16947+292): Process entered
07:000001:1:1041905980.025369 (commit_callback.c:41:ll_commitcbd_check_event() 16945+208): Process entered
07:000001:1:1041905980.025377 (commit_callback.c:45:ll_commitcbd_check_event() 16945+224): Process leaving via out (rc=1 : 1 : 1)
07:000001:1:1041905980.025381 (commit_callback.c:50:ll_commitcbd_check_event() 16945+224): Process leaving (rc=1 : 1 : 1)
07:020000:1:1041905980.025386 (commit_callback.c:89:ll_commitcbd_main() 16945+160): lustre_commitd quitting
07:000001:1:1041905980.025396 (commit_callback.c:90:ll_commitcbd_main() 16945+160): Process leaving
07:000200:1:1041905980.025402 (commit_callback.c:102:ll_commitcbd_main() 16945+160): commit callback daemon exiting 16945
07:000001:3:1041905980.025408 (commit_callback.c:132:ll_commitcbd_cleanup() 16947+372): Process leaving (rc=0 : 0 : 0)
07:000001:1:1041905980.025412 (commit_callback.c:103:ll_commitcbd_main() 16945+176): Process leaving (rc=0 : 0 : 0)
07:000001:3:1041905980.025419 (../include/linux/obd_class.h:381:obd_disconnect() 16947+324): Process entered
05:000001:3:1041905980.025424 (genops.c:275:class_conn2export() 16947+372): Process entered
05:000080:3:1041905980.025427 (genops.c:294:class_conn2export() 16947+388): looking for export addr 0xe9c5ce2c cookie 0x85d1c297cd6241d8
05:000001:3:1041905980.025432 (genops.c:301:class_conn2export() 16947+388): Process leaving (rc=3922054700 : -372912596 : e9c5ce2c)
05:000001:3:1041905980.025439 (genops.c:275:class_conn2export() 16947+452): Process entered
05:000080:3:1041905980.025442 (genops.c:294:class_conn2export() 16947+468): looking for export addr 0xe9c5ce2c cookie 0x85d1c297cd6241d8
05:000001:3:1041905980.025447 (genops.c:301:class_conn2export() 16947+468): Process leaving (rc=3922054700 : -372912596 : e9c5ce2c)
04:000001:3:1041905980.025453 (client.c:235:client_obd_disconnect() 16947+372): Process entered
11:000010:3:1041905980.025634 (ldlm_resource.c:228:ldlm_namespace_free() 16947+436): kfreed 'ns->ns_name': 9 at f64ca51c (tot 19021458).
11:000010:3:1041905980.025642 (ldlm_resource.c:229:ldlm_namespace_free() 16947+436): kfreed 'ns': 112 at ef1be434 (tot 19021346).
08:000001:3:1041905980.025648 (client.c:263:ptlrpc_prep_req() 16947+436): Process entered
08:000010:3:1041905980.025654 (client.c:268:ptlrpc_prep_req() 16947+452): kmalloced 'request': 204 at f60f04a4 (tot 19021550)
08:000010:3:1041905980.025661 (pack_generic.c:42:lustre_pack_msg() 16947+516): kmalloced '*msg': 72 at ef1be434 (tot 19021622)
08:000001:3:1041905980.025668 (connection.c:135:ptlrpc_connection_addref() 16947+468): Process entered
08:000040:3:1041905980.025672 (connection.c:137:ptlrpc_connection_addref() 16947+468): connection=f6c3b084 refcount 5
08:000001:3:1041905980.025677 (connection.c:139:ptlrpc_connection_addref() 16947+484): Process leaving (rc=4140019844 : -154947452 : f6c3b084)
08:000001:3:1041905980.025683 (client.c:305:ptlrpc_prep_req() 16947+452): Process leaving (rc=4128179364 : -166787932 : f60f04a4)
08:000001:3:1041905980.025690 (client.c:613:ptlrpc_queue_wait() 16947+580): Process entered
08:100000:3:1041905980.025694 (client.c:621:ptlrpc_queue_wait() 16947+596): Sending RPC pid:xid:nid:opc 16947:2:7f000001:9
08:000001:3:1041905980.025701 (niobuf.c:372:ptl_send_rpc() 16947+660): Process entered
08:000010:3:1041905980.025705 (niobuf.c:399:ptl_send_rpc() 16947+676): kmalloced 'repbuf': 72 at f6c9a7ec (tot 19021694)
0a:000200:3:1041905980.025713 (lib-dispatch.c:54:lib_dispatch() 16947+1012): 2130706433: API call PtlMEAttach (5)
0a:004000:3:1041905980.025721 (lib-me.c:42:do_PtlMEAttach() 16947+1044): taking state lock
0a:004000:3:1041905980.025725 (lib-me.c:58:do_PtlMEAttach() 16947+1044): releasing state lock
0a:000200:3:1041905980.025731 (lib-dispatch.c:54:lib_dispatch() 16947+1012): 2130706433: API call PtlMDAttach (11)
0a:004000:3:1041905980.025737 (lib-md.c:210:do_PtlMDAttach() 16947+1044): taking state lock
0a:004000:3:1041905980.025744 (lib-md.c:229:do_PtlMDAttach() 16947+1044): releasing state lock
08:000200:3:1041905980.025748 (niobuf.c:433:ptl_send_rpc() 16947+676): Setup reply buffer: 72 bytes, xid 2, portal 4
0a:000200:3:1041905980.025754 (lib-dispatch.c:54:lib_dispatch() 16947+1076): 2130706433: API call PtlMDBind (13)
0a:004000:3:1041905980.025759 (lib-md.c:261:do_PtlMDBind() 16947+1108): taking state lock
0a:004000:3:1041905980.025764 (lib-md.c:269:do_PtlMDBind() 16947+1108): releasing state lock
08:000200:3:1041905980.025768 (niobuf.c:77:ptl_send_buf() 16947+756): Sending 72 bytes to portal 6, xid 2
0a:000200:3:1041905980.025774 (lib-dispatch.c:54:lib_dispatch() 16947+1076): 2130706433: API call PtlPut (19)
0a:004000:3:1041905980.025779 (lib-move.c:737:do_PtlPut() 16947+1396): taking state lock
0a:000200:3:1041905980.025785 (lib-move.c:745:do_PtlPut() 16947+1412): PtlPut -> 2130706433: 0
0a:004000:3:1041905980.025791 (lib-move.c:800:do_PtlPut() 16947+1396): releasing state lock
0b:000200:3:1041905980.025796 (socknal_cb.c:631:ksocknal_send() 16947+1524): sending %zd bytes from [72](00000001,-283384780)... to nid: 0x0x7f00000100000048 pid 0
0b:000200:3:1041905980.025804 (socknal.c:484:ksocknal_get_conn() 16947+1556): got conn [ec8d5200] -> 0x0x7f000001 (2)
0b:000200:3:1041905980.025812 (socknal_cb.c:580:ksocknal_launch_packet() 16947+1556): type 1, nob 144 niov 2
08:000001:3:1041905980.025819 (niobuf.c:441:ptl_send_rpc() 16947+676): Process leaving (rc=0 : 0 : 0)
08:000200:3:1041905980.025825 (client.c:662:ptlrpc_queue_wait() 16947+628): @@@ -- sleeping req x2/t0 o9->NET_localhost_tcp_UUID:6 lens 72/72 ref 2 fl 0
08:000001:3:1041905980.025832 (client.c:379:ptlrpc_check_reply() 16947+612): Process entered
08:000001:3:1041905980.025837 (client.c:402:ptlrpc_check_reply() 16947+612): Process leaving
08:000200:3:1041905980.025841 (client.c:404:ptlrpc_check_reply() 16947+660): @@@ rc = 0 for req x2/t0 o9->NET_localhost_tcp_UUID:6 lens 72/72 ref 2 fl 0
08:000001:3:1041905980.025849 (client.c:379:ptlrpc_check_reply() 16947+612): Process entered
08:000001:3:1041905980.025853 (client.c:402:ptlrpc_check_reply() 16947+612): Process leaving
08:000200:3:1041905980.025857 (client.c:404:ptlrpc_check_reply() 16947+660): @@@ rc = 0 for req x2/t0 o9->NET_localhost_tcp_UUID:6 lens 72/72 ref 2 fl 0
0b:000001:3:1041905980.025868 (socknal_cb.c:234:ksocknal_sendmsg() 16769+352): Process entered
0b:000001:3:1041905980.025946 (socknal_cb.c:1300:ksocknal_data_ready() 16769+1404): Process entered
0b:000001:3:1041905980.025953 (socknal_cb.c:1338:ksocknal_data_ready() 16769+1404): Process leaving
0b:000001:3:1041905980.025973 (socknal_cb.c:305:ksocknal_sendmsg() 16769+368): Process leaving (rc=144 : 144 : 90)
0b:000200:3:1041905980.025979 (socknal_cb.c:503:ksocknal_process_transmit() 16769+240): send(144) 144
0b:001000:3:1041905980.025985 (socknal.h:241:ksocknal_put_conn() 16769+256): putting conn[ec8d5200] -> 0x0x7f000001 (3)
0b:000001:3:1041905980.025992 (socknal_cb.c:438:ksocknal_tx_done() 16769+288): Process entered
0a:004000:3:1041905980.025996 (lib-msg.c:54:lib_finalize() 16769+448): taking state lock
0b:000200:3:1041905980.026002 (socknal_cb.c:58:ksocknal_write() 16769+528): 0x0x7f000001: writing 92 bytes from ebd74d54 -> f8fd0240
0b:000200:3:1041905980.026008 (socknal_cb.c:58:ksocknal_write() 16769+528): 0x0x7f000001: writing 4 bytes from ebd74db0 -> f8fd029c
0b:000200:3:1041905980.026015 (socknal_cb.c:69:ksocknal_callback() 16769+496): 0x0x7f000001: callback eq e9218f6c ev ebd74d54
08:000001:3:1041905980.026022 (events.c:40:request_out_callback() 16769+512): Process entered
08:000001:3:1041905980.026026 (client.c:355:__ptlrpc_req_finished() 16769+576): Process entered
08:000040:3:1041905980.026031 (client.c:360:__ptlrpc_req_finished() 16769+624): @@@ refcount now 1 req x2/t0 o9->NET_localhost_tcp_UUID:6 lens 72/72 ref 2 fl 0
08:000001:3:1041905980.026038 (client.c:367:__ptlrpc_req_finished() 16769+592): Process leaving (rc=0 : 0 : 0)
08:000001:3:1041905980.026043 (events.c:53:request_out_callback() 16769+528): Process leaving (rc=1 : 1 : 1)
0a:000200:3:1041905980.026049 (lib-md.c:34:lib_md_unlink() 16769+496): Unlinking md e5528dec
0b:000200:3:1041905980.026054 (socknal_cb.c:100:ksocknal_invalidate() 16769+544): 0x0x7f000001: invalidating ef1be434 : %zd
0a:004000:3:1041905980.026061 (lib-msg.c:134:lib_finalize() 16769+448): releasing state lock
0b:000001:3:1041905980.026066 (socknal_cb.c:465:ksocknal_tx_done() 16769+288): Process leaving
0b:001000:3:1041905980.026071 (socknal.h:241:ksocknal_put_conn() 16769+256): putting conn[ec8d5200] -> 0x0x7f000001 (2)
0b:000200:3:1041905980.026078 (socknal_cb.c:1054:ksocknal_process_receive() 16769+288): sched c1ec94d0 conn f7fa6800
0b:000200:3:1041905980.026090 (socknal_cb.c:1094:ksocknal_process_receive() 16769+304): f7fa6800 read(72) 72
0a:004000:3:1041905980.026097 (lib-move.c:217:parse_put() 16769+608): taking state lock
0a:000001:3:1041905980.026101 (lib-move.c:42:lib_find_me() 16769+720): Process entered
0a:000200:3:1041905980.026106 (lib-move.c:45:lib_find_me() 16769+752): Request from 2130706433.0 of length 72 into portal 6 MB=0x2
0a:000001:3:1041905980.026113 (lib-move.c:110:lib_find_me() 16769+736): Process leaving (rc=3847633756 : -447333540 : e5563b5c)
0a:000200:3:1041905980.026121 (lib-move.c:246:parse_put() 16769+656): Incoming put index 6 from 2130706433/0 of length 72/72 into md e560a9cc [1](e9780000,131072)... + 160
0a:004000:3:1041905980.026132 (lib-move.c:301:parse_put() 16769+608): releasing state lock
0b:000200:3:1041905980.026143 (socknal_cb.c:1094:ksocknal_process_receive() 16769+304): f7fa6800 read(72) 72
0a:004000:3:1041905980.026150 (lib-msg.c:54:lib_finalize() 16769+448): taking state lock
0b:000200:3:1041905980.026155 (socknal_cb.c:58:ksocknal_write() 16769+528): 0x0x7f000001: writing 92 bytes from ebd74d54 -> f916b0c0
0b:000200:3:1041905980.026160 (socknal_cb.c:58:ksocknal_write() 16769+528): 0x0x7f000001: writing 4 bytes from ebd74db0 -> f916b11c
0b:000200:3:1041905980.026165 (socknal_cb.c:69:ksocknal_callback() 16769+496): 0x0x7f000001: callback eq e555ff44 ev ebd74d54
0a:004000:3:1041905980.026175 (lib-msg.c:134:lib_finalize() 16769+448): releasing state lock
08:000001:0:1041905980.026180 (service.c:35:ptlrpc_check_event() 16932+224): Process entered
0b:000200:3:1041905980.026186 (socknal_cb.c:1054:ksocknal_process_receive() 16769+288): sched c1ec94d0 conn f7fa6800
0a:000001:0:1041905980.026191 (api-eq.c:43:PtlEQGet() 16932+288): Process entered
0b:000200:3:1041905980.026195 (socknal_cb.c:1094:ksocknal_process_receive() 16769+304): f7fa6800 read(72) -11
0a:000040:0:1041905980.026200 (api-eq.c:58:PtlEQGet() 16932+304): new_event: f916b0c0, sequence: 2, eq->size: 16384
0b:001000:3:1041905980.026205 (socknal.h:241:ksocknal_put_conn() 16769+304): putting conn[f7fa6800] -> 0x0x7f000001 (2)
0a:000001:0:1041905980.026211 (api-eq.c:79:PtlEQGet() 16932+304): Process leaving (rc=0 : 0 : 0)
08:000001:3:1041905980.026215 (service.c:35:ptlrpc_check_event() 16931+224): Process entered
08:000001:0:1041905980.026220 (service.c:50:ptlrpc_check_event() 16932+240): Process leaving via out (rc=1 : 1 : 1)
0a:000001:3:1041905980.026225 (api-eq.c:43:PtlEQGet() 16931+288): Process entered
0a:000040:3:1041905980.026229 (api-eq.c:58:PtlEQGet() 16931+304): new_event: f916b120, sequence: 3, eq->size: 16384
0a:000001:3:1041905980.026234 (api-eq.c:61:PtlEQGet() 16931+304): Process leaving (rc=25 : 25 : 19)
08:000001:3:1041905980.026238 (service.c:53:ptlrpc_check_event() 16931+240): Process leaving via out (rc=0 : 0 : 0)
08:000001:3:1041905980.026245 (service.c:35:ptlrpc_check_event() 16930+224): Process entered
08:100000:0:1041905980.026249 (service.c:179:handle_incoming_request() 16932+240): Handling RPC pid:xid:nid:opc 16947:0x2:7f000001:0
0a:000001:3:1041905980.026256 (api-eq.c:43:PtlEQGet() 16930+288): Process entered
08:000200:0:1041905980.026260 (service.c:204:handle_incoming_request() 16932+240): got req 2 (md: e9780000 + 160)
0a:000040:3:1041905980.026264 (api-eq.c:58:PtlEQGet() 16930+304): new_event: f916b120, sequence: 3, eq->size: 16384
0a:000001:3:1041905980.026269 (api-eq.c:61:PtlEQGet() 16930+304): Process leaving (rc=25 : 25 : 19)
05:000001:0:1041905980.026274 (genops.c:275:class_conn2export() 16932+272): Process entered
08:000001:3:1041905980.026278 (service.c:53:ptlrpc_check_event() 16930+240): Process leaving via out (rc=0 : 0 : 0)
05:000080:0:1041905980.026282 (genops.c:294:class_conn2export() 16932+288): looking for export addr 0xe551fd74 cookie 0xa5708eb49ee801e1
08:000001:3:1041905980.026288 (service.c:35:ptlrpc_check_event() 16929+224): Process entered
05:000001:0:1041905980.026293 (genops.c:301:class_conn2export() 16932+288): Process leaving (rc=3847355764 : -447611532 : e551fd74)
0a:000001:3:1041905980.026298 (api-eq.c:43:PtlEQGet() 16929+288): Process entered
08:000001:0:1041905980.026302 (connection.c:135:ptlrpc_connection_addref() 16932+256): Process entered
0a:000040:3:1041905980.026306 (api-eq.c:58:PtlEQGet() 16929+304): new_event: f916b120, sequence: 3, eq->size: 16384
08:000040:0:1041905980.026311 (connection.c:137:ptlrpc_connection_addref() 16932+256): connection=f6c269cc refcount 2
0a:000001:3:1041905980.026316 (api-eq.c:61:PtlEQGet() 16929+304): Process leaving (rc=25 : 25 : 19)
08:000001:0:1041905980.026320 (connection.c:139:ptlrpc_connection_addref() 16932+272): Process leaving (rc=4139936204 : -155031092 : f6c269cc)
08:000001:3:1041905980.026326 (service.c:53:ptlrpc_check_event() 16929+240): Process leaving via out (rc=0 : 0 : 0)
04:000001:0:1041905980.026330 (ost_handler.c:446:ost_handle() 16932+272): Process entered
08:000001:3:1041905980.026334 (service.c:35:ptlrpc_check_event() 16928+224): Process entered
08:000001:0:1041905980.026339 (pack_generic.c:79:lustre_unpack_msg() 16932+320): Process entered
0a:000001:3:1041905980.026343 (api-eq.c:43:PtlEQGet() 16928+288): Process entered
08:000001:0:1041905980.026347 (pack_generic.c:106:lustre_unpack_msg() 16932+336): Process leaving (rc=0 : 0 : 0)
0a:000040:3:1041905980.026351 (api-eq.c:58:PtlEQGet() 16928+304): new_event: f916b120, sequence: 3, eq->size: 16384
04:000002:0:1041905980.026357 (ost_handler.c:471:ost_handle() 16932+272): disconnect
0a:000001:3:1041905980.026360 (api-eq.c:61:PtlEQGet() 16928+304): Process leaving (rc=25 : 25 : 19)
04:000001:0:1041905980.026365 (target.c:114:target_handle_disconnect() 16932+320): Process entered
08:000001:3:1041905980.026369 (service.c:53:ptlrpc_check_event() 16928+240): Process leaving via out (rc=0 : 0 : 0)
08:000010:0:1041905980.026374 (pack_generic.c:42:lustre_pack_msg() 16932+400): kmalloced '*msg': 72 at ea44ba94 (tot 19021766)
08:000001:3:1041905980.026378 (service.c:35:ptlrpc_check_event() 16927+224): Process entered
04:000001:0:1041905980.026383 (../include/linux/obd_class.h:381:obd_disconnect() 16932+352): Process entered
05:000001:0:1041905980.026387 (genops.c:275:class_conn2export() 16932+400): Process entered
05:000080:0:1041905980.026391 (genops.c:294:class_conn2export() 16932+416): looking for export addr 0xe551fd74 cookie 0xa5708eb49ee801e1
0a:000001:3:1041905980.026396 (api-eq.c:43:PtlEQGet() 16927+288): Process entered
05:000001:0:1041905980.026399 (genops.c:301:class_conn2export() 16932+416): Process leaving (rc=3847355764 : -447611532 : e551fd74)
0a:000040:3:1041905980.026405 (api-eq.c:58:PtlEQGet() 16927+304): new_event: f916b120, sequence: 3, eq->size: 16384
05:000001:0:1041905980.026410 (genops.c:275:class_conn2export() 16932+464): Process entered
0a:000001:3:1041905980.026414 (api-eq.c:61:PtlEQGet() 16927+304): Process leaving (rc=25 : 25 : 19)
05:000080:0:1041905980.026418 (genops.c:294:class_conn2export() 16932+480): looking for export addr 0xe551fd74 cookie 0xa5708eb49ee801e1
08:000001:3:1041905980.026424 (service.c:53:ptlrpc_check_event() 16927+240): Process leaving via out (rc=0 : 0 : 0)
05:000001:0:1041905980.026428 (genops.c:301:class_conn2export() 16932+480): Process leaving (rc=3847355764 : -447611532 : e551fd74)
0e:000001:0:1041905980.026433 (filter.c:599:filter_disconnect() 16932+416): Process entered
05:000001:0:1041905980.026438 (genops.c:402:class_disconnect() 16932+448): Process entered
05:000001:0:1041905980.026441 (genops.c:275:class_conn2export() 16932+496): Process entered
05:000080:0:1041905980.026444 (genops.c:294:class_conn2export() 16932+512): looking for export addr 0xe551fd74 cookie 0xa5708eb49ee801e1
05:000001:0:1041905980.026449 (genops.c:301:class_conn2export() 16932+512): Process leaving (rc=3847355764 : -447611532 : e551fd74)
05:000080:0:1041905980.026454 (genops.c:412:class_disconnect() 16932+464): disconnect: addr e551fd74 cookie a5708eb49ee801e1
05:000001:0:1041905980.026459 (genops.c:348:class_destroy_export() 16932+496): Process entered
08:000001:0:1041905980.026463 (connection.c:109:ptlrpc_put_connection() 16932+544): Process entered
08:000040:0:1041905980.026466 (connection.c:117:ptlrpc_put_connection() 16932+544): connection=f6c269cc refcount 1
08:000001:0:1041905980.026470 (connection.c:130:ptlrpc_put_connection() 16932+560): Process leaving (rc=0 : 0 : 0)
05:000001:0:1041905980.026475 (genops.c:368:class_destroy_export() 16932+496): Process leaving
05:000001:0:1041905980.026478 (genops.c:416:class_disconnect() 16932+464): Process leaving (rc=0 : 0 : 0)
0e:000001:0:1041905980.026482 (filter.c:627:filter_disconnect() 16932+432): Process leaving (rc=0 : 0 : 0)
04:000001:0:1041905980.026486 (../include/linux/obd_class.h:387:obd_disconnect() 16932+368): Process leaving (rc=0 : 0 : 0)
04:000001:0:1041905980.026490 (target.c:122:target_handle_disconnect() 16932+336): Process leaving (rc=0 : 0 : 0)
04:000001:0:1041905980.026494 (ost_handler.c:555:ost_handle() 16932+272): Process leaving
04:000002:0:1041905980.026497 (ost_handler.c:563:ost_handle() 16932+272): sending reply
0a:000200:0:1041905980.026503 (lib-dispatch.c:54:lib_dispatch() 16932+720): 2130706433: API call PtlMDBind (13)
0a:004000:0:1041905980.026509 (lib-md.c:261:do_PtlMDBind() 16932+752): taking state lock
0a:004000:0:1041905980.026515 (lib-md.c:269:do_PtlMDBind() 16932+752): releasing state lock
08:000200:0:1041905980.026518 (niobuf.c:77:ptl_send_buf() 16932+400): Sending 72 bytes to portal 4, xid 2
0a:000200:0:1041905980.026523 (lib-dispatch.c:54:lib_dispatch() 16932+720): 2130706433: API call PtlPut (19)
0a:004000:0:1041905980.026528 (lib-move.c:737:do_PtlPut() 16932+1040): taking state lock
0a:000200:0:1041905980.026533 (lib-move.c:745:do_PtlPut() 16932+1056): PtlPut -> 2130706433: 0
0a:004000:0:1041905980.026538 (lib-move.c:800:do_PtlPut() 16932+1040): releasing state lock
0b:000200:0:1041905980.026542 (socknal_cb.c:631:ksocknal_send() 16932+1168): sending %zd bytes from [72](00000001,-364594540)... to nid: 0x0x7f00000100000048 pid 0
0b:000200:0:1041905980.026550 (socknal.c:484:ksocknal_get_conn() 16932+1200): got conn [ec8d5200] -> 0x0x7f000001 (2)
0b:000200:0:1041905980.026556 (socknal_cb.c:580:ksocknal_launch_packet() 16932+1200): type 1, nob 144 niov 2
08:000001:0:1041905980.026562 (connection.c:109:ptlrpc_put_connection() 16932+272): Process entered
08:000040:0:1041905980.026566 (connection.c:117:ptlrpc_put_connection() 16932+272): connection=f6c269cc refcount 0
0b:000001:3:1041905980.026570 (socknal_cb.c:234:ksocknal_sendmsg() 16769+352): Process entered
08:000001:0:1041905980.026574 (recovd.c:92:recovd_conn_unmanage() 16932+320): Process entered
08:000001:0:1041905980.026578 (connection.c:130:ptlrpc_put_connection() 16932+288): Process leaving (rc=1 : 1 : 1)
08:000001:0:1041905980.026582 (service.c:35:ptlrpc_check_event() 16932+224): Process entered
0a:000001:0:1041905980.026586 (api-eq.c:43:PtlEQGet() 16932+288): Process entered
0a:000040:0:1041905980.026589 (api-eq.c:58:PtlEQGet() 16932+304): new_event: f916b120, sequence: 3, eq->size: 16384
0a:000001:0:1041905980.026594 (api-eq.c:61:PtlEQGet() 16932+304): Process leaving (rc=25 : 25 : 19)
0b:000001:3:1041905980.026598 (socknal_cb.c:1300:ksocknal_data_ready() 16769+1344): Process entered
08:000001:0:1041905980.026602 (service.c:53:ptlrpc_check_event() 16932+240): Process leaving via out (rc=0 : 0 : 0)
0b:000001:3:1041905980.026606 (socknal_cb.c:1338:ksocknal_data_ready() 16769+1344): Process leaving
08:000001:0:1041905980.026610 (service.c:35:ptlrpc_check_event() 16932+224): Process entered
0b:000001:3:1041905980.026614 (socknal_cb.c:305:ksocknal_sendmsg() 16769+368): Process leaving (rc=144 : 144 : 90)
0a:000001:0:1041905980.026619 (api-eq.c:43:PtlEQGet() 16932+288): Process entered
0b:000200:3:1041905980.026623 (socknal_cb.c:503:ksocknal_process_transmit() 16769+240): send(144) 144
0b:001000:3:1041905980.026627 (socknal.h:241:ksocknal_put_conn() 16769+256): putting conn[ec8d5200] -> 0x0x7f000001 (3)
0a:000040:0:1041905980.026632 (api-eq.c:58:PtlEQGet() 16932+304): new_event: f916b120, sequence: 3, eq->size: 16384
0b:000001:3:1041905980.026637 (socknal_cb.c:438:ksocknal_tx_done() 16769+288): Process entered
0a:000001:0:1041905980.026641 (api-eq.c:61:PtlEQGet() 16932+304): Process leaving (rc=25 : 25 : 19)
0a:004000:3:1041905980.026646 (lib-msg.c:54:lib_finalize() 16769+448): taking state lock
08:000001:0:1041905980.026650 (service.c:53:ptlrpc_check_event() 16932+240): Process leaving via out (rc=0 : 0 : 0)
0b:000200:3:1041905980.026654 (socknal_cb.c:58:ksocknal_write() 16769+528): 0x0x7f000001: writing 92 bytes from ebd74ccc -> f8fe9240
0b:000200:3:1041905980.026659 (socknal_cb.c:58:ksocknal_write() 16769+528): 0x0x7f000001: writing 4 bytes from ebd74d28 -> f8fe929c
0b:000200:3:1041905980.026664 (socknal_cb.c:69:ksocknal_callback() 16769+496): 0x0x7f000001: callback eq e9218f44 ev ebd74ccc
08:000001:3:1041905980.026669 (events.c:62:reply_out_callback() 16769+528): Process entered
08:000010:3:1041905980.026673 (events.c:68:reply_out_callback() 16769+544): kfreed 'ev->mem_desc.start': 72 at ea44ba94 (tot 19021694).
08:000001:3:1041905980.026678 (events.c:75:reply_out_callback() 16769+544): Process leaving (rc=1 : 1 : 1)
0a:000200:3:1041905980.026682 (lib-md.c:34:lib_md_unlink() 16769+496): Unlinking md e5528ce4
0b:000200:3:1041905980.026686 (socknal_cb.c:100:ksocknal_invalidate() 16769+544): 0x0x7f000001: invalidating ea44ba94 : %zd
0a:004000:3:1041905980.026691 (lib-msg.c:134:lib_finalize() 16769+448): releasing state lock
0b:000001:3:1041905980.026695 (socknal_cb.c:465:ksocknal_tx_done() 16769+288): Process leaving
0b:001000:3:1041905980.026698 (socknal.h:241:ksocknal_put_conn() 16769+256): putting conn[ec8d5200] -> 0x0x7f000001 (2)
0b:000200:3:1041905980.026703 (socknal_cb.c:1054:ksocknal_process_receive() 16769+288): sched c1ec94d0 conn f7fa6800
0b:000200:3:1041905980.026708 (socknal_cb.c:1094:ksocknal_process_receive() 16769+304): f7fa6800 read(72) 72
0a:004000:3:1041905980.026713 (lib-move.c:217:parse_put() 16769+608): taking state lock
0a:000001:3:1041905980.026716 (lib-move.c:42:lib_find_me() 16769+720): Process entered
0a:000200:3:1041905980.026719 (lib-move.c:45:lib_find_me() 16769+752): Request from 2130706433.0 of length 72 into portal 4 MB=0x2
0a:000001:3:1041905980.026724 (lib-move.c:110:lib_find_me() 16769+736): Process leaving (rc=3946421980 : -348545316 : eb399edc)
0a:000200:3:1041905980.026729 (lib-move.c:246:parse_put() 16769+656): Incoming put index 4 from 2130706433/0 of length 72/72 into md ec5946b4 [1](f6c9a7ec,72)... + 0
0a:004000:3:1041905980.026736 (lib-move.c:301:parse_put() 16769+608): releasing state lock
0b:000200:3:1041905980.026741 (socknal_cb.c:1094:ksocknal_process_receive() 16769+304): f7fa6800 read(72) 72
0a:004000:3:1041905980.026746 (lib-msg.c:54:lib_finalize() 16769+448): taking state lock
0b:000200:3:1041905980.026749 (socknal_cb.c:58:ksocknal_write() 16769+528): 0x0x7f000001: writing 92 bytes from ebd74ccc -> f9002240
0b:000200:3:1041905980.026754 (socknal_cb.c:58:ksocknal_write() 16769+528): 0x0x7f000001: writing 4 bytes from ebd74d28 -> f900229c
0b:000200:3:1041905980.026759 (socknal_cb.c:69:ksocknal_callback() 16769+496): 0x0x7f000001: callback eq e9218f1c ev ebd74ccc
08:000001:3:1041905980.026764 (events.c:84:reply_in_callback() 16769+528): Process entered
08:000001:3:1041905980.026768 (events.c:110:reply_in_callback() 16769+544): Process leaving (rc=1 : 1 : 1)
0a:000200:3:1041905980.026772 (lib-md.c:34:lib_md_unlink() 16769+496): Unlinking md ec5946b4
0b:000200:3:1041905980.026776 (socknal_cb.c:100:ksocknal_invalidate() 16769+544): 0x0x7f000001: invalidating f6c9a7ec : %zd
0b:000200:3:1041905980.026782 (socknal_cb.c:124:ksocknal_printf() 16769+848): 2130706433: Unlinking ME 0
0a:004000:3:1041905980.026786 (lib-msg.c:134:lib_finalize() 16769+448): releasing state lock
0b:000200:3:1041905980.026790 (socknal_cb.c:1054:ksocknal_process_receive() 16769+288): sched c1ec94d0 conn f7fa6800
0b:000200:3:1041905980.026795 (socknal_cb.c:1094:ksocknal_process_receive() 16769+304): f7fa6800 read(72) -11
0b:001000:3:1041905980.026799 (socknal.h:241:ksocknal_put_conn() 16769+304): putting conn[f7fa6800] -> 0x0x7f000001 (2)
08:000001:3:1041905980.026805 (client.c:379:ptlrpc_check_reply() 16947+612): Process entered
08:000001:3:1041905980.026809 (client.c:383:ptlrpc_check_reply() 16947+628): Process leaving via out (rc=1 : 1 : 1)
08:000200:3:1041905980.026813 (client.c:404:ptlrpc_check_reply() 16947+660): @@@ rc = 1 for req x2/t0 o9->NET_localhost_tcp_UUID:6 lens 72/72 ref 1 fl 2
08:000200:3:1041905980.026819 (client.c:667:ptlrpc_queue_wait() 16947+628): @@@ -- done sleeping req x2/t0 o9->NET_localhost_tcp_UUID:6 lens 72/72 ref 1 fl 2
08:000001:3:1041905980.026825 (pack_generic.c:79:lustre_unpack_msg() 16947+628): Process entered
08:000001:3:1041905980.026829 (pack_generic.c:106:lustre_unpack_msg() 16947+644): Process leaving (rc=0 : 0 : 0)
08:000200:3:1041905980.026833 (client.c:716:ptlrpc_queue_wait() 16947+628): @@@ status 0
 req x2/t0 o9->NET_localhost_tcp_UUID:6 lens 72/72 ref 1 fl 2
08:000001:3:1041905980.026839 (client.c:411:ptlrpc_check_status() 16947+612): Process entered
08:000001:3:1041905980.026842 (client.c:426:ptlrpc_check_status() 16947+628): Process leaving (rc=0 : 0 : 0)
08:000001:3:1041905980.026846 (client.c:766:ptlrpc_queue_wait() 16947+580): Process leaving
04:000001:3:1041905980.026849 (client.c:272:client_obd_disconnect() 16947+372): Process leaving
08:000001:3:1041905980.026852 (client.c:355:__ptlrpc_req_finished() 16947+436): Process entered
08:000040:3:1041905980.026855 (client.c:360:__ptlrpc_req_finished() 16947+484): @@@ refcount now 0 req x2/t0 o9->NET_localhost_tcp_UUID:6 lens 72/72 ref 1 fl 2
08:000001:3:1041905980.026861 (client.c:310:__ptlrpc_free_req() 16947+484): Process entered
08:000010:3:1041905980.026865 (client.c:326:__ptlrpc_free_req() 16947+500): kfreed 'request->rq_repmsg': 72 at f6c9a7ec (tot 19021622).
08:000010:3:1041905980.026870 (client.c:331:__ptlrpc_free_req() 16947+500): kfreed 'request->rq_reqmsg': 72 at ef1be434 (tot 19021550).
08:000001:3:1041905980.026875 (connection.c:109:ptlrpc_put_connection() 16947+532): Process entered
08:000040:3:1041905980.026878 (connection.c:117:ptlrpc_put_connection() 16947+532): connection=f6c3b084 refcount 4
08:000001:3:1041905980.026882 (connection.c:130:ptlrpc_put_connection() 16947+548): Process leaving (rc=0 : 0 : 0)
08:000010:3:1041905980.026886 (client.c:344:__ptlrpc_free_req() 16947+500): kfreed 'request': 204 at f60f04a4 (tot 19021346).
08:000001:3:1041905980.026891 (client.c:345:__ptlrpc_free_req() 16947+484): Process leaving
08:000001:3:1041905980.026894 (client.c:364:__ptlrpc_req_finished() 16947+452): Process leaving (rc=1 : 1 : 1)
05:000001:3:1041905980.026898 (genops.c:402:class_disconnect() 16947+404): Process entered
05:000001:3:1041905980.026902 (genops.c:275:class_conn2export() 16947+452): Process entered
05:000080:3:1041905980.026906 (genops.c:294:class_conn2export() 16947+468): looking for export addr 0xe9c5ce2c cookie 0x85d1c297cd6241d8
05:000001:3:1041905980.026911 (genops.c:301:class_conn2export() 16947+468): Process leaving (rc=3922054700 : -372912596 : e9c5ce2c)
05:000080:3:1041905980.026917 (genops.c:412:class_disconnect() 16947+420): disconnect: addr e9c5ce2c cookie 85d1c297cd6241d8
05:000001:3:1041905980.026922 (genops.c:348:class_destroy_export() 16947+452): Process entered
08:000001:3:1041905980.026926 (connection.c:109:ptlrpc_put_connection() 16947+500): Process entered
08:000040:3:1041905980.026929 (connection.c:117:ptlrpc_put_connection() 16947+500): connection=f6c3b084 refcount 3
08:000001:3:1041905980.026933 (connection.c:130:ptlrpc_put_connection() 16947+516): Process leaving (rc=0 : 0 : 0)
05:000001:3:1041905980.026937 (genops.c:368:class_destroy_export() 16947+452): Process leaving
05:000001:3:1041905980.026941 (genops.c:416:class_disconnect() 16947+420): Process leaving (rc=0 : 0 : 0)
04:000001:3:1041905980.026945 (client.c:284:client_obd_disconnect() 16947+388): Process leaving (rc=0 : 0 : 0)
07:000001:3:1041905980.026951 (../include/linux/obd_class.h:387:obd_disconnect() 16947+340): Process leaving (rc=0 : 0 : 0)
01:000001:3:1041905980.026958 (mdc_request.c:44:mdc_getstatus() 16947+340): Process entered
05:000001:3:1041905980.026963 (genops.c:275:class_conn2export() 16947+468): Process entered
05:000080:3:1041905980.026967 (genops.c:294:class_conn2export() 16947+484): looking for export addr 0xe9c5cee4 cookie 0x390d86d4617b981c
05:000001:3:1041905980.026973 (genops.c:301:class_conn2export() 16947+484): Process leaving (rc=3922054884 : -372912412 : e9c5cee4)
08:000001:3:1041905980.026978 (client.c:263:ptlrpc_prep_req() 16947+404): Process entered
08:000010:3:1041905980.026982 (client.c:268:ptlrpc_prep_req() 16947+420): kmalloced 'request': 204 at f60f04a4 (tot 19021550)
08:000010:3:1041905980.026987 (pack_generic.c:42:lustre_pack_msg() 16947+484): kmalloced '*msg': 192 at f70da6b4 (tot 19021742)
08:000001:3:1041905980.026992 (connection.c:135:ptlrpc_connection_addref() 16947+436): Process entered
08:000040:3:1041905980.026995 (connection.c:137:ptlrpc_connection_addref() 16947+436): connection=f6c3b084 refcount 4
08:000001:3:1041905980.026999 (connection.c:139:ptlrpc_connection_addref() 16947+452): Process leaving (rc=4140019844 : -154947452 : f6c3b084)
08:000001:3:1041905980.027004 (client.c:305:ptlrpc_prep_req() 16947+420): Process leaving (rc=4128179364 : -166787932 : f60f04a4)
08:000001:3:1041905980.027010 (client.c:613:ptlrpc_queue_wait() 16947+548): Process entered
08:100000:3:1041905980.027013 (client.c:621:ptlrpc_queue_wait() 16947+564): Sending RPC pid:xid:nid:opc 16947:5:7f000001:9
08:000001:3:1041905980.027018 (niobuf.c:372:ptl_send_rpc() 16947+628): Process entered
08:000010:3:1041905980.027022 (niobuf.c:399:ptl_send_rpc() 16947+644): kmalloced 'repbuf': 192 at f6f64ef4 (tot 19021934)
0a:000200:3:1041905980.027027 (lib-dispatch.c:54:lib_dispatch() 16947+980): 2130706433: API call PtlMEAttach (5)
0a:004000:3:1041905980.027032 (lib-me.c:42:do_PtlMEAttach() 16947+1012): taking state lock
0a:004000:3:1041905980.027036 (lib-me.c:58:do_PtlMEAttach() 16947+1012): releasing state lock
0a:000200:3:1041905980.027040 (lib-dispatch.c:54:lib_dispatch() 16947+980): 2130706433: API call PtlMDAttach (11)
0a:004000:3:1041905980.027044 (lib-md.c:210:do_PtlMDAttach() 16947+1012): taking state lock
0a:004000:3:1041905980.027049 (lib-md.c:229:do_PtlMDAttach() 16947+1012): releasing state lock
08:000200:3:1041905980.027052 (niobuf.c:433:ptl_send_rpc() 16947+644): Setup reply buffer: 192 bytes, xid 5, portal 10
0a:000200:3:1041905980.027057 (lib-dispatch.c:54:lib_dispatch() 16947+1044): 2130706433: API call PtlMDBind (13)
0a:004000:3:1041905980.027061 (lib-md.c:261:do_PtlMDBind() 16947+1076): taking state lock
0a:004000:3:1041905980.027065 (lib-md.c:269:do_PtlMDBind() 16947+1076): releasing state lock
08:000200:3:1041905980.027068 (niobuf.c:77:ptl_send_buf() 16947+724): Sending 192 bytes to portal 12, xid 5
0a:000200:3:1041905980.027072 (lib-dispatch.c:54:lib_dispatch() 16947+1044): 2130706433: API call PtlPut (19)
0a:004000:3:1041905980.027076 (lib-move.c:737:do_PtlPut() 16947+1364): taking state lock
0a:000200:3:1041905980.027080 (lib-move.c:745:do_PtlPut() 16947+1380): PtlPut -> 2130706433: 0
0a:004000:3:1041905980.027085 (lib-move.c:800:do_PtlPut() 16947+1364): releasing state lock
0b:000200:3:1041905980.027088 (socknal_cb.c:631:ksocknal_send() 16947+1492): sending %zd bytes from [192](00000001,-150100300)... to nid: 0x0x7f000001000000c0 pid 0
0b:000200:3:1041905980.027095 (socknal.c:484:ksocknal_get_conn() 16947+1524): got conn [ec8d5200] -> 0x0x7f000001 (2)
0b:000200:3:1041905980.027100 (socknal_cb.c:580:ksocknal_launch_packet() 16947+1524): type 1, nob 264 niov 2
08:000001:3:1041905980.027105 (niobuf.c:441:ptl_send_rpc() 16947+644): Process leaving (rc=0 : 0 : 0)
08:000200:3:1041905980.027108 (client.c:662:ptlrpc_queue_wait() 16947+596): @@@ -- sleeping req x5/t0 o9->NET_localhost_tcp_UUID:12 lens 192/192 ref 2 fl 0
08:000001:3:1041905980.027114 (client.c:379:ptlrpc_check_reply() 16947+580): Process entered
08:000001:3:1041905980.027117 (client.c:402:ptlrpc_check_reply() 16947+580): Process leaving
08:000200:3:1041905980.027120 (client.c:404:ptlrpc_check_reply() 16947+628): @@@ rc = 0 for req x5/t0 o9->NET_localhost_tcp_UUID:12 lens 192/192 ref 2 fl 0
08:000001:3:1041905980.027126 (client.c:379:ptlrpc_check_reply() 16947+580): Process entered
08:000001:3:1041905980.027129 (client.c:402:ptlrpc_check_reply() 16947+580): Process leaving
08:000200:3:1041905980.027132 (client.c:404:ptlrpc_check_reply() 16947+628): @@@ rc = 0 for req x5/t0 o9->NET_localhost_tcp_UUID:12 lens 192/192 ref 2 fl 0
0b:000001:3:1041905980.027138 (socknal_cb.c:234:ksocknal_sendmsg() 16769+352): Process entered
0b:000001:3:1041905980.027162 (socknal_cb.c:1300:ksocknal_data_ready() 16769+1344): Process entered
0b:000001:3:1041905980.027166 (socknal_cb.c:1338:ksocknal_data_ready() 16769+1344): Process leaving
0b:000001:3:1041905980.027172 (socknal_cb.c:305:ksocknal_sendmsg() 16769+368): Process leaving (rc=264 : 264 : 108)
0b:000200:3:1041905980.027177 (socknal_cb.c:503:ksocknal_process_transmit() 16769+240): send(264) 264
0b:001000:3:1041905980.027181 (socknal.h:241:ksocknal_put_conn() 16769+256): putting conn[ec8d5200] -> 0x0x7f000001 (3)
0b:000001:3:1041905980.027186 (socknal_cb.c:438:ksocknal_tx_done() 16769+288): Process entered
0a:004000:3:1041905980.027191 (lib-msg.c:54:lib_finalize() 16769+448): taking state lock
0b:000200:3:1041905980.027194 (socknal_cb.c:58:ksocknal_write() 16769+528): 0x0x7f000001: writing 92 bytes from ebd74ccc -> f8fd02a0
0b:000200:3:1041905980.027199 (socknal_cb.c:58:ksocknal_write() 16769+528): 0x0x7f000001: writing 4 bytes from ebd74d28 -> f8fd02fc
0b:000200:3:1041905980.027204 (socknal_cb.c:69:ksocknal_callback() 16769+496): 0x0x7f000001: callback eq e9218f6c ev ebd74ccc
08:000001:3:1041905980.027209 (events.c:40:request_out_callback() 16769+512): Process entered
08:000001:3:1041905980.027212 (client.c:355:__ptlrpc_req_finished() 16769+576): Process entered
08:000040:3:1041905980.027216 (client.c:360:__ptlrpc_req_finished() 16769+624): @@@ refcount now 1 req x5/t0 o9->NET_localhost_tcp_UUID:12 lens 192/192 ref 2 fl 0
08:000001:3:1041905980.027221 (client.c:367:__ptlrpc_req_finished() 16769+592): Process leaving (rc=0 : 0 : 0)
08:000001:3:1041905980.027225 (events.c:53:request_out_callback() 16769+528): Process leaving (rc=1 : 1 : 1)
0a:000200:3:1041905980.027229 (lib-md.c:34:lib_md_unlink() 16769+496): Unlinking md e5528ce4
0b:000200:3:1041905980.027233 (socknal_cb.c:100:ksocknal_invalidate() 16769+544): 0x0x7f000001: invalidating f70da6b4 : %zd
0a:004000:3:1041905980.027238 (lib-msg.c:134:lib_finalize() 16769+448): releasing state lock
0b:000001:3:1041905980.027241 (socknal_cb.c:465:ksocknal_tx_done() 16769+288): Process leaving
0b:001000:3:1041905980.027244 (socknal.h:241:ksocknal_put_conn() 16769+256): putting conn[ec8d5200] -> 0x0x7f000001 (2)
0b:000200:3:1041905980.027249 (socknal_cb.c:1054:ksocknal_process_receive() 16769+288): sched c1ec94d0 conn f7fa6800
0b:000200:3:1041905980.027254 (socknal_cb.c:1094:ksocknal_process_receive() 16769+304): f7fa6800 read(72) 72
0a:004000:3:1041905980.027259 (lib-move.c:217:parse_put() 16769+608): taking state lock
0a:000001:3:1041905980.027262 (lib-move.c:42:lib_find_me() 16769+720): Process entered
0a:000200:3:1041905980.027265 (lib-move.c:45:lib_find_me() 16769+752): Request from 2130706433.0 of length 192 into portal 12 MB=0x5
0a:000001:3:1041905980.027271 (lib-move.c:110:lib_find_me() 16769+736): Process leaving (rc=3847634876 : -447332420 : e5563fbc)
0a:000200:3:1041905980.027276 (lib-move.c:246:parse_put() 16769+656): Incoming put index c from 2130706433/0 of length 192/192 into md e9e46ef4 [1](e8868000,32768)... + 616
0a:004000:3:1041905980.027283 (lib-move.c:301:parse_put() 16769+608): releasing state lock
0b:000200:3:1041905980.027289 (socknal_cb.c:1094:ksocknal_process_receive() 16769+304): f7fa6800 read(192) 192
0a:004000:3:1041905980.027293 (lib-msg.c:54:lib_finalize() 16769+448): taking state lock
0b:000200:3:1041905980.027296 (socknal_cb.c:58:ksocknal_write() 16769+528): 0x0x7f000001: writing 92 bytes from ebd74ccc -> f91311e0
0b:000200:3:1041905980.027302 (socknal_cb.c:58:ksocknal_write() 16769+528): 0x0x7f000001: writing 4 bytes from ebd74d28 -> f913123c
0b:000200:3:1041905980.027307 (socknal_cb.c:69:ksocknal_callback() 16769+496): 0x0x7f000001: callback eq e555ff6c ev ebd74ccc
08:000001:0:1041905980.027316 (service.c:35:ptlrpc_check_event() 16921+224): Process entered
0a:004000:3:1041905980.027320 (lib-msg.c:134:lib_finalize() 16769+448): releasing state lock
0a:000001:0:1041905980.027325 (api-eq.c:43:PtlEQGet() 16921+288): Process entered
0b:000200:3:1041905980.027328 (socknal_cb.c:1054:ksocknal_process_receive() 16769+288): sched c1ec94d0 conn f7fa6800
0a:000040:0:1041905980.027333 (api-eq.c:58:PtlEQGet() 16921+304): new_event: f91311e0, sequence: 5, eq->size: 1024
0b:000200:3:1041905980.027338 (socknal_cb.c:1094:ksocknal_process_receive() 16769+304): f7fa6800 read(72) -11
0a:000001:0:1041905980.027343 (api-eq.c:79:PtlEQGet() 16921+304): Process leaving (rc=0 : 0 : 0)
0b:001000:3:1041905980.027347 (socknal.h:241:ksocknal_put_conn() 16769+304): putting conn[f7fa6800] -> 0x0x7f000001 (2)
08:000001:0:1041905980.027353 (service.c:50:ptlrpc_check_event() 16921+240): Process leaving via out (rc=1 : 1 : 1)
08:000001:3:1041905980.027357 (service.c:35:ptlrpc_check_event() 16920+224): Process entered
08:100000:0:1041905980.027362 (service.c:179:handle_incoming_request() 16921+240): Handling RPC pid:xid:nid:opc 16947:0x5:7f000001:0
0a:000001:3:1041905980.027367 (api-eq.c:43:PtlEQGet() 16920+288): Process entered
08:000200:0:1041905980.027371 (service.c:204:handle_incoming_request() 16921+240): got req 5 (md: e8868000 + 616)
0a:000040:3:1041905980.027375 (api-eq.c:58:PtlEQGet() 16920+304): new_event: f9131240, sequence: 6, eq->size: 1024
05:000001:0:1041905980.027380 (genops.c:275:class_conn2export() 16921+272): Process entered
05:000080:0:1041905980.027384 (genops.c:294:class_conn2export() 16921+288): looking for export addr 0xe551fe2c cookie 0x4c394d1879d335a0
0a:000001:3:1041905980.027389 (api-eq.c:61:PtlEQGet() 16920+304): Process leaving (rc=25 : 25 : 19)
05:000001:0:1041905980.027394 (genops.c:301:class_conn2export() 16921+288): Process leaving (rc=3847355948 : -447611348 : e551fe2c)
08:000001:0:1041905980.027399 (connection.c:135:ptlrpc_connection_addref() 16921+256): Process entered
08:000001:3:1041905980.027403 (service.c:53:ptlrpc_check_event() 16920+240): Process leaving via out (rc=0 : 0 : 0)
08:000040:0:1041905980.027408 (connection.c:137:ptlrpc_connection_addref() 16921+256): connection=f6c26ef4 refcount 2
08:000001:3:1041905980.027412 (service.c:35:ptlrpc_check_event() 16919+224): Process entered
08:000001:0:1041905980.027416 (connection.c:139:ptlrpc_connection_addref() 16921+272): Process leaving (rc=4139937524 : -155029772 : f6c26ef4)
0a:000001:3:1041905980.027422 (api-eq.c:43:PtlEQGet() 16919+288): Process entered
02:000001:0:1041905980.027426 (handler.c:1252:mds_handle() 16921+272): Process entered
08:000001:0:1041905980.027430 (pack_generic.c:79:lustre_unpack_msg() 16921+320): Process entered
08:000001:0:1041905980.027434 (pack_generic.c:106:lustre_unpack_msg() 16921+336): Process leaving (rc=0 : 0 : 0)
0a:000040:3:1041905980.027438 (api-eq.c:58:PtlEQGet() 16919+304): new_event: f9131240, sequence: 6, eq->size: 1024
02:000002:0:1041905980.027444 (handler.c:1299:mds_handle() 16921+320): @@@ getstatus req x5/t0 o9->MDC_mds1_877a6_5f73f:-1 lens 192/0 ref 0 fl 0
0a:000001:3:1041905980.027449 (api-eq.c:61:PtlEQGet() 16919+304): Process leaving (rc=25 : 25 : 19)
02:000001:0:1041905980.027455 (handler.c:468:mds_getstatus() 16921+320): Process entered
08:000001:3:1041905980.027458 (service.c:53:ptlrpc_check_event() 16919+240): Process leaving via out (rc=0 : 0 : 0)
08:000010:0:1041905980.027463 (pack_generic.c:42:lustre_pack_msg() 16921+400): kmalloced '*msg': 192 at f6ce239c (tot 19022126)
08:000001:3:1041905980.027468 (service.c:35:ptlrpc_check_event() 16918+224): Process entered
02:000001:0:1041905980.027473 (handler.c:490:mds_getstatus() 16921+336): Process leaving (rc=0 : 0 : 0)
0a:000001:3:1041905980.027478 (api-eq.c:43:PtlEQGet() 16918+288): Process entered
02:000001:0:1041905980.027482 (handler.c:1386:mds_handle() 16921+272): Process leaving
0a:000040:3:1041905980.027486 (api-eq.c:58:PtlEQGet() 16918+304): new_event: f9131240, sequence: 6, eq->size: 1024
02:000040:0:1041905980.027491 (handler.c:1398:mds_handle() 16921+288): last_rcvd ~0, last_committed 0, xid 5
02:000200:0:1041905980.027495 (handler.c:1416:mds_handle() 16921+272): sending reply
0a:000001:3:1041905980.027499 (api-eq.c:61:PtlEQGet() 16918+304): Process leaving (rc=25 : 25 : 19)
08:000001:3:1041905980.027503 (service.c:53:ptlrpc_check_event() 16918+240): Process leaving via out (rc=0 : 0 : 0)
0a:000200:0:1041905980.027508 (lib-dispatch.c:54:lib_dispatch() 16921+720): 2130706433: API call PtlMDBind (13)
08:000001:3:1041905980.027513 (service.c:35:ptlrpc_check_event() 16917+224): Process entered
0a:004000:0:1041905980.027517 (lib-md.c:261:do_PtlMDBind() 16921+752): taking state lock
0a:000001:3:1041905980.027521 (api-eq.c:43:PtlEQGet() 16917+288): Process entered
0a:004000:0:1041905980.027525 (lib-md.c:269:do_PtlMDBind() 16921+752): releasing state lock
08:000200:0:1041905980.027528 (niobuf.c:77:ptl_send_buf() 16921+400): Sending 192 bytes to portal 10, xid 5
0a:000040:3:1041905980.027533 (api-eq.c:58:PtlEQGet() 16917+304): new_event: f9131240, sequence: 6, eq->size: 1024
0a:000200:0:1041905980.027538 (lib-dispatch.c:54:lib_dispatch() 16921+720): 2130706433: API call PtlPut (19)
0a:004000:0:1041905980.027543 (lib-move.c:737:do_PtlPut() 16921+1040): taking state lock
0a:000001:3:1041905980.027547 (api-eq.c:61:PtlEQGet() 16917+304): Process leaving (rc=25 : 25 : 19)
0a:000200:0:1041905980.027551 (lib-move.c:745:do_PtlPut() 16921+1056): PtlPut -> 2130706433: 0
08:000001:3:1041905980.027556 (service.c:53:ptlrpc_check_event() 16917+240): Process leaving via out (rc=0 : 0 : 0)
0a:004000:0:1041905980.027560 (lib-move.c:800:do_PtlPut() 16921+1040): releasing state lock
08:000001:3:1041905980.027564 (service.c:35:ptlrpc_check_event() 16916+224): Process entered
0b:000200:0:1041905980.027568 (socknal_cb.c:631:ksocknal_send() 16921+1168): sending %zd bytes from [192](00000001,-154262628)... to nid: 0x0x7f000001000000c0 pid 0
0a:000001:3:1041905980.027575 (api-eq.c:43:PtlEQGet() 16916+288): Process entered
0b:000200:0:1041905980.027578 (socknal.c:484:ksocknal_get_conn() 16921+1200): got conn [ec8d5200] -> 0x0x7f000001 (2)
0a:000040:3:1041905980.027583 (api-eq.c:58:PtlEQGet() 16916+304): new_event: f9131240, sequence: 6, eq->size: 1024
0a:000001:3:1041905980.027588 (api-eq.c:61:PtlEQGet() 16916+304): Process leaving (rc=25 : 25 : 19)
08:000001:3:1041905980.027592 (service.c:53:ptlrpc_check_event() 16916+240): Process leaving via out (rc=0 : 0 : 0)
0b:000200:0:1041905980.027597 (socknal_cb.c:580:ksocknal_launch_packet() 16921+1200): type 1, nob 264 niov 2
08:000001:3:1041905980.027601 (service.c:35:ptlrpc_check_event() 16915+224): Process entered
08:000001:0:1041905980.027606 (connection.c:109:ptlrpc_put_connection() 16921+272): Process entered
08:000040:0:1041905980.027610 (connection.c:117:ptlrpc_put_connection() 16921+272): connection=f6c26ef4 refcount 1
0a:000001:3:1041905980.027614 (api-eq.c:43:PtlEQGet() 16915+288): Process entered
08:000001:0:1041905980.027618 (connection.c:130:ptlrpc_put_connection() 16921+288): Process leaving (rc=0 : 0 : 0)
0a:000040:3:1041905980.027622 (api-eq.c:58:PtlEQGet() 16915+304): new_event: f9131240, sequence: 6, eq->size: 1024
0a:000001:3:1041905980.027627 (api-eq.c:61:PtlEQGet() 16915+304): Process leaving (rc=25 : 25 : 19)
08:000001:3:1041905980.027631 (service.c:53:ptlrpc_check_event() 16915+240): Process leaving via out (rc=0 : 0 : 0)
08:000001:0:1041905980.027635 (service.c:35:ptlrpc_check_event() 16921+224): Process entered
08:000001:3:1041905980.027639 (service.c:35:ptlrpc_check_event() 16914+224): Process entered
0a:000001:0:1041905980.027643 (api-eq.c:43:PtlEQGet() 16921+288): Process entered
0a:000040:0:1041905980.027647 (api-eq.c:58:PtlEQGet() 16921+304): new_event: f9131240, sequence: 6, eq->size: 1024
0a:000001:0:1041905980.027651 (api-eq.c:61:PtlEQGet() 16921+304): Process leaving (rc=25 : 25 : 19)
08:000001:0:1041905980.027655 (service.c:53:ptlrpc_check_event() 16921+240): Process leaving via out (rc=0 : 0 : 0)
0a:000001:3:1041905980.027660 (api-eq.c:43:PtlEQGet() 16914+288): Process entered
08:000001:0:1041905980.027663 (service.c:35:ptlrpc_check_event() 16921+224): Process entered
0a:000040:3:1041905980.027667 (api-eq.c:58:PtlEQGet() 16914+304): new_event: f9131240, sequence: 6, eq->size: 1024
0a:000001:3:1041905980.027671 (api-eq.c:61:PtlEQGet() 16914+304): Process leaving (rc=25 : 25 : 19)
08:000001:3:1041905980.027675 (service.c:53:ptlrpc_check_event() 16914+240): Process leaving via out (rc=0 : 0 : 0)
0a:000001:0:1041905980.027680 (api-eq.c:43:PtlEQGet() 16921+288): Process entered
0b:000001:3:1041905980.027683 (socknal_cb.c:234:ksocknal_sendmsg() 16769+352): Process entered
0a:000040:0:1041905980.027687 (api-eq.c:58:PtlEQGet() 16921+304): new_event: f9131240, sequence: 6, eq->size: 1024
0a:000001:0:1041905980.027691 (api-eq.c:61:PtlEQGet() 16921+304): Process leaving (rc=25 : 25 : 19)
08:000001:0:1041905980.027695 (service.c:53:ptlrpc_check_event() 16921+240): Process leaving via out (rc=0 : 0 : 0)
0b:000001:3:1041905980.027707 (socknal_cb.c:1300:ksocknal_data_ready() 16769+1344): Process entered
0b:000001:3:1041905980.027711 (socknal_cb.c:1338:ksocknal_data_ready() 16769+1344): Process leaving
0b:000001:3:1041905980.027717 (socknal_cb.c:305:ksocknal_sendmsg() 16769+368): Process leaving (rc=264 : 264 : 108)
0b:000200:3:1041905980.027722 (socknal_cb.c:503:ksocknal_process_transmit() 16769+240): send(264) 264
0b:001000:3:1041905980.027726 (socknal.h:241:ksocknal_put_conn() 16769+256): putting conn[ec8d5200] -> 0x0x7f000001 (3)
0b:000001:3:1041905980.027731 (socknal_cb.c:438:ksocknal_tx_done() 16769+288): Process entered
0a:004000:3:1041905980.027736 (lib-msg.c:54:lib_finalize() 16769+448): taking state lock
0b:000200:3:1041905980.027741 (socknal_cb.c:58:ksocknal_write() 16769+528): 0x0x7f000001: writing 92 bytes from ebd74c44 -> f8fe92a0
0b:000200:3:1041905980.027747 (socknal_cb.c:58:ksocknal_write() 16769+528): 0x0x7f000001: writing 4 bytes from ebd74ca0 -> f8fe92fc
0b:000200:3:1041905980.027752 (socknal_cb.c:69:ksocknal_callback() 16769+496): 0x0x7f000001: callback eq e9218f44 ev ebd74c44
08:000001:3:1041905980.027757 (events.c:62:reply_out_callback() 16769+528): Process entered
08:000010:3:1041905980.027760 (events.c:68:reply_out_callback() 16769+544): kfreed 'ev->mem_desc.start': 192 at f6ce239c (tot 19021934).
08:000001:3:1041905980.027765 (events.c:75:reply_out_callback() 16769+544): Process leaving (rc=1 : 1 : 1)
0a:000200:3:1041905980.027769 (lib-md.c:34:lib_md_unlink() 16769+496): Unlinking md e5528bdc
0b:000200:3:1041905980.027773 (socknal_cb.c:100:ksocknal_invalidate() 16769+544): 0x0x7f000001: invalidating f6ce239c : %zd
0a:004000:3:1041905980.027778 (lib-msg.c:134:lib_finalize() 16769+448): releasing state lock
0b:000001:3:1041905980.027781 (socknal_cb.c:465:ksocknal_tx_done() 16769+288): Process leaving
0b:001000:3:1041905980.027785 (socknal.h:241:ksocknal_put_conn() 16769+256): putting conn[ec8d5200] -> 0x0x7f000001 (2)
0b:000200:3:1041905980.027789 (socknal_cb.c:1054:ksocknal_process_receive() 16769+288): sched c1ec94d0 conn f7fa6800
0b:000200:3:1041905980.027794 (socknal_cb.c:1094:ksocknal_process_receive() 16769+304): f7fa6800 read(72) 72
0a:004000:3:1041905980.027799 (lib-move.c:217:parse_put() 16769+608): taking state lock
0a:000001:3:1041905980.027802 (lib-move.c:42:lib_find_me() 16769+720): Process entered
0a:000200:3:1041905980.027806 (lib-move.c:45:lib_find_me() 16769+752): Request from 2130706433.0 of length 192 into portal 10 MB=0x5
0a:000001:3:1041905980.027811 (lib-move.c:110:lib_find_me() 16769+736): Process leaving (rc=3946421980 : -348545316 : eb399edc)
0a:000200:3:1041905980.027816 (lib-move.c:246:parse_put() 16769+656): Incoming put index a from 2130706433/0 of length 192/192 into md ec5946b4 [1](f6f64ef4,192)... + 0
0a:004000:3:1041905980.027822 (lib-move.c:301:parse_put() 16769+608): releasing state lock
0b:000200:3:1041905980.027828 (socknal_cb.c:1094:ksocknal_process_receive() 16769+304): f7fa6800 read(192) 192
0a:004000:3:1041905980.027832 (lib-msg.c:54:lib_finalize() 16769+448): taking state lock
0b:000200:3:1041905980.027836 (socknal_cb.c:58:ksocknal_write() 16769+528): 0x0x7f000001: writing 92 bytes from ebd74c44 -> f90022a0
0b:000200:3:1041905980.027841 (socknal_cb.c:58:ksocknal_write() 16769+528): 0x0x7f000001: writing 4 bytes from ebd74ca0 -> f90022fc
0b:000200:3:1041905980.027846 (socknal_cb.c:69:ksocknal_callback() 16769+496): 0x0x7f000001: callback eq e9218f1c ev ebd74c44
08:000001:3:1041905980.027851 (events.c:84:reply_in_callback() 16769+528): Process entered
08:000001:3:1041905980.027854 (events.c:110:reply_in_callback() 16769+544): Process leaving (rc=1 : 1 : 1)
0a:000200:3:1041905980.027858 (lib-md.c:34:lib_md_unlink() 16769+496): Unlinking md ec5946b4
0b:000200:3:1041905980.027862 (socknal_cb.c:100:ksocknal_invalidate() 16769+544): 0x0x7f000001: invalidating f6f64ef4 : %zd
0b:000200:3:1041905980.027867 (socknal_cb.c:124:ksocknal_printf() 16769+848): 2130706433: Unlinking ME 0
0a:004000:3:1041905980.027872 (lib-msg.c:134:lib_finalize() 16769+448): releasing state lock
0b:000200:3:1041905980.027875 (socknal_cb.c:1054:ksocknal_process_receive() 16769+288): sched c1ec94d0 conn f7fa6800
0b:000200:3:1041905980.027880 (socknal_cb.c:1094:ksocknal_process_receive() 16769+304): f7fa6800 read(72) -11
0b:001000:3:1041905980.027884 (socknal.h:241:ksocknal_put_conn() 16769+304): putting conn[f7fa6800] -> 0x0x7f000001 (2)
08:000001:3:1041905980.027890 (client.c:379:ptlrpc_check_reply() 16947+580): Process entered
08:000001:3:1041905980.027893 (client.c:383:ptlrpc_check_reply() 16947+596): Process leaving via out (rc=1 : 1 : 1)
08:000200:3:1041905980.027897 (client.c:404:ptlrpc_check_reply() 16947+628): @@@ rc = 1 for req x5/t0 o9->NET_localhost_tcp_UUID:12 lens 192/192 ref 1 fl 2
08:000200:3:1041905980.027903 (client.c:667:ptlrpc_queue_wait() 16947+596): @@@ -- done sleeping req x5/t0 o9->NET_localhost_tcp_UUID:12 lens 192/192 ref 1 fl 2
08:000001:3:1041905980.027909 (pack_generic.c:79:lustre_unpack_msg() 16947+596): Process entered
08:000001:3:1041905980.027912 (pack_generic.c:106:lustre_unpack_msg() 16947+612): Process leaving (rc=0 : 0 : 0)
08:000200:3:1041905980.027916 (client.c:716:ptlrpc_queue_wait() 16947+596): @@@ status 0
 req x5/t0 o9->NET_localhost_tcp_UUID:12 lens 192/192 ref 1 fl 2
08:000001:3:1041905980.027922 (client.c:453:ptlrpc_free_committed() 16947+612): Process entered
08:080000:3:1041905980.027926 (client.c:460:ptlrpc_free_committed() 16947+628): committing for xid 0, last_committed 0
08:000001:3:1041905980.027930 (client.c:481:ptlrpc_free_committed() 16947+612): Process leaving
08:000001:3:1041905980.027933 (client.c:411:ptlrpc_check_status() 16947+580): Process entered
08:000001:3:1041905980.027936 (client.c:426:ptlrpc_check_status() 16947+596): Process leaving (rc=0 : 0 : 0)
08:000001:3:1041905980.027940 (client.c:766:ptlrpc_queue_wait() 16947+548): Process leaving
01:000200:3:1041905980.027944 (mdc_request.c:66:mdc_getstatus() 16947+356): root ino=12, last_committed=0, last_xid=0
01:000001:3:1041905980.027948 (mdc_request.c:69:mdc_getstatus() 16947+340): Process leaving
08:000001:3:1041905980.027951 (client.c:355:__ptlrpc_req_finished() 16947+404): Process entered
08:000040:3:1041905980.027954 (client.c:360:__ptlrpc_req_finished() 16947+452): @@@ refcount now 0 req x5/t0 o9->NET_localhost_tcp_UUID:12 lens 192/192 ref 1 fl 2
08:000001:3:1041905980.027960 (client.c:310:__ptlrpc_free_req() 16947+452): Process entered
08:000010:3:1041905980.027964 (client.c:326:__ptlrpc_free_req() 16947+468): kfreed 'request->rq_repmsg': 192 at f6f64ef4 (tot 19021742).
08:000010:3:1041905980.027969 (client.c:331:__ptlrpc_free_req() 16947+468): kfreed 'request->rq_reqmsg': 192 at f70da6b4 (tot 19021550).
08:000001:3:1041905980.027973 (connection.c:109:ptlrpc_put_connection() 16947+500): Process entered
08:000040:3:1041905980.027977 (connection.c:117:ptlrpc_put_connection() 16947+500): connection=f6c3b084 refcount 3
08:000001:3:1041905980.027981 (connection.c:130:ptlrpc_put_connection() 16947+516): Process leaving (rc=0 : 0 : 0)
08:000010:3:1041905980.027985 (client.c:344:__ptlrpc_free_req() 16947+468): kfreed 'request': 204 at f60f04a4 (tot 19021346).
08:000001:3:1041905980.027989 (client.c:345:__ptlrpc_free_req() 16947+452): Process leaving
08:000001:3:1041905980.027992 (client.c:364:__ptlrpc_req_finished() 16947+420): Process leaving (rc=1 : 1 : 1)
07:000001:3:1041905980.028007 (../include/linux/obd_class.h:381:obd_disconnect() 16947+324): Process entered
05:000001:3:1041905980.028010 (genops.c:275:class_conn2export() 16947+372): Process entered
05:000080:3:1041905980.028013 (genops.c:294:class_conn2export() 16947+388): looking for export addr 0xe9c5cee4 cookie 0x390d86d4617b981c
05:000001:3:1041905980.028019 (genops.c:301:class_conn2export() 16947+388): Process leaving (rc=3922054884 : -372912412 : e9c5cee4)
05:000001:3:1041905980.028025 (genops.c:275:class_conn2export() 16947+452): Process entered
05:000080:3:1041905980.028028 (genops.c:294:class_conn2export() 16947+468): looking for export addr 0xe9c5cee4 cookie 0x390d86d4617b981c
05:000001:3:1041905980.028033 (genops.c:301:class_conn2export() 16947+468): Process leaving (rc=3922054884 : -372912412 : e9c5cee4)
04:000001:3:1041905980.028038 (client.c:235:client_obd_disconnect() 16947+372): Process entered
11:000010:3:1041905980.028214 (ldlm_resource.c:228:ldlm_namespace_free() 16947+436): kfreed 'ns->ns_name': 9 at f64ca60c (tot 18890265).
11:000010:3:1041905980.028220 (ldlm_resource.c:229:ldlm_namespace_free() 16947+436): kfreed 'ns': 112 at ef49b764 (tot 18890153).
08:000001:3:1041905980.028225 (client.c:263:ptlrpc_prep_req() 16947+436): Process entered
08:000010:3:1041905980.028229 (client.c:268:ptlrpc_prep_req() 16947+452): kmalloced 'request': 204 at f60f04a4 (tot 18890357)
08:000010:3:1041905980.028234 (pack_generic.c:42:lustre_pack_msg() 16947+516): kmalloced '*msg': 72 at ef49b764 (tot 18890429)
08:000001:3:1041905980.028239 (connection.c:135:ptlrpc_connection_addref() 16947+468): Process entered
08:000040:3:1041905980.028242 (connection.c:137:ptlrpc_connection_addref() 16947+468): connection=f6c3b084 refcount 4
08:000001:3:1041905980.028246 (connection.c:139:ptlrpc_connection_addref() 16947+484): Process leaving (rc=4140019844 : -154947452 : f6c3b084)
08:000001:3:1041905980.028251 (client.c:305:ptlrpc_prep_req() 16947+452): Process leaving (rc=4128179364 : -166787932 : f60f04a4)
08:000001:3:1041905980.028256 (client.c:613:ptlrpc_queue_wait() 16947+580): Process entered
08:100000:3:1041905980.028259 (client.c:621:ptlrpc_queue_wait() 16947+596): Sending RPC pid:xid:nid:opc 16947:6:7f000001:8
08:000001:3:1041905980.028265 (niobuf.c:372:ptl_send_rpc() 16947+660): Process entered
08:000010:3:1041905980.028269 (niobuf.c:399:ptl_send_rpc() 16947+676): kmalloced 'repbuf': 72 at ef0eca0c (tot 18890501)
0a:000200:3:1041905980.028274 (lib-dispatch.c:54:lib_dispatch() 16947+1012): 2130706433: API call PtlMEAttach (5)
0a:004000:3:1041905980.028278 (lib-me.c:42:do_PtlMEAttach() 16947+1044): taking state lock
0a:004000:3:1041905980.028282 (lib-me.c:58:do_PtlMEAttach() 16947+1044): releasing state lock
0a:000200:3:1041905980.028286 (lib-dispatch.c:54:lib_dispatch() 16947+1012): 2130706433: API call PtlMDAttach (11)
0a:004000:3:1041905980.028291 (lib-md.c:210:do_PtlMDAttach() 16947+1044): taking state lock
0a:004000:3:1041905980.028296 (lib-md.c:229:do_PtlMDAttach() 16947+1044): releasing state lock
08:000200:3:1041905980.028300 (niobuf.c:433:ptl_send_rpc() 16947+676): Setup reply buffer: 72 bytes, xid 6, portal 10
0a:000200:3:1041905980.028305 (lib-dispatch.c:54:lib_dispatch() 16947+1076): 2130706433: API call PtlMDBind (13)
0a:004000:3:1041905980.028309 (lib-md.c:261:do_PtlMDBind() 16947+1108): taking state lock
0a:004000:3:1041905980.028313 (lib-md.c:269:do_PtlMDBind() 16947+1108): releasing state lock
08:000200:3:1041905980.028317 (niobuf.c:77:ptl_send_buf() 16947+756): Sending 72 bytes to portal 12, xid 6
0a:000200:3:1041905980.028321 (lib-dispatch.c:54:lib_dispatch() 16947+1076): 2130706433: API call PtlPut (19)
0a:004000:3:1041905980.028325 (lib-move.c:737:do_PtlPut() 16947+1396): taking state lock
0a:000200:3:1041905980.028329 (lib-move.c:745:do_PtlPut() 16947+1412): PtlPut -> 2130706433: 0
0a:004000:3:1041905980.028334 (lib-move.c:800:do_PtlPut() 16947+1396): releasing state lock
0b:000200:3:1041905980.028337 (socknal_cb.c:631:ksocknal_send() 16947+1524): sending %zd bytes from [72](00000001,-280381596)... to nid: 0x0x7f00000100000048 pid 0
0b:000200:3:1041905980.028343 (socknal.c:484:ksocknal_get_conn() 16947+1556): got conn [ec8d5200] -> 0x0x7f000001 (2)
0b:000200:3:1041905980.028349 (socknal_cb.c:580:ksocknal_launch_packet() 16947+1556): type 1, nob 144 niov 2
08:000001:3:1041905980.028354 (niobuf.c:441:ptl_send_rpc() 16947+676): Process leaving (rc=0 : 0 : 0)
08:000200:3:1041905980.028358 (client.c:662:ptlrpc_queue_wait() 16947+628): @@@ -- sleeping req x6/t0 o8->NET_localhost_tcp_UUID:12 lens 72/72 ref 2 fl 0
08:000001:3:1041905980.028363 (client.c:379:ptlrpc_check_reply() 16947+612): Process entered
08:000001:3:1041905980.028366 (client.c:402:ptlrpc_check_reply() 16947+612): Process leaving
08:000200:3:1041905980.028370 (client.c:404:ptlrpc_check_reply() 16947+660): @@@ rc = 0 for req x6/t0 o8->NET_localhost_tcp_UUID:12 lens 72/72 ref 2 fl 0
08:000001:3:1041905980.028375 (client.c:379:ptlrpc_check_reply() 16947+612): Process entered
08:000001:3:1041905980.028378 (client.c:402:ptlrpc_check_reply() 16947+612): Process leaving
08:000200:3:1041905980.028381 (client.c:404:ptlrpc_check_reply() 16947+660): @@@ rc = 0 for req x6/t0 o8->NET_localhost_tcp_UUID:12 lens 72/72 ref 2 fl 0
0b:000001:3:1041905980.028388 (socknal_cb.c:234:ksocknal_sendmsg() 16769+352): Process entered
0b:000001:3:1041905980.028417 (socknal_cb.c:1300:ksocknal_data_ready() 16769+1344): Process entered
0b:000001:3:1041905980.028421 (socknal_cb.c:1338:ksocknal_data_ready() 16769+1344): Process leaving
0b:000001:3:1041905980.028429 (socknal_cb.c:305:ksocknal_sendmsg() 16769+368): Process leaving (rc=144 : 144 : 90)
0b:000200:3:1041905980.028433 (socknal_cb.c:503:ksocknal_process_transmit() 16769+240): send(144) 144
0b:001000:3:1041905980.028437 (socknal.h:241:ksocknal_put_conn() 16769+256): putting conn[ec8d5200] -> 0x0x7f000001 (3)
0b:000001:3:1041905980.028442 (socknal_cb.c:438:ksocknal_tx_done() 16769+288): Process entered
0a:004000:3:1041905980.028445 (lib-msg.c:54:lib_finalize() 16769+448): taking state lock
0b:000200:3:1041905980.028448 (socknal_cb.c:58:ksocknal_write() 16769+528): 0x0x7f000001: writing 92 bytes from ebd74c44 -> f8fd0300
0b:000200:3:1041905980.028454 (socknal_cb.c:58:ksocknal_write() 16769+528): 0x0x7f000001: writing 4 bytes from ebd74ca0 -> f8fd035c
0b:000200:3:1041905980.028459 (socknal_cb.c:69:ksocknal_callback() 16769+496): 0x0x7f000001: callback eq e9218f6c ev ebd74c44
08:000001:3:1041905980.028464 (events.c:40:request_out_callback() 16769+512): Process entered
08:000001:3:1041905980.028467 (client.c:355:__ptlrpc_req_finished() 16769+576): Process entered
08:000040:3:1041905980.028470 (client.c:360:__ptlrpc_req_finished() 16769+624): @@@ refcount now 1 req x6/t0 o8->NET_localhost_tcp_UUID:12 lens 72/72 ref 2 fl 0
08:000001:3:1041905980.028476 (client.c:367:__ptlrpc_req_finished() 16769+592): Process leaving (rc=0 : 0 : 0)
08:000001:3:1041905980.028480 (events.c:53:request_out_callback() 16769+528): Process leaving (rc=1 : 1 : 1)
0a:000200:3:1041905980.028484 (lib-md.c:34:lib_md_unlink() 16769+496): Unlinking md e5528bdc
0b:000200:3:1041905980.028488 (socknal_cb.c:100:ksocknal_invalidate() 16769+544): 0x0x7f000001: invalidating ef49b764 : %zd
0a:004000:3:1041905980.028492 (lib-msg.c:134:lib_finalize() 16769+448): releasing state lock
0b:000001:3:1041905980.028496 (socknal_cb.c:465:ksocknal_tx_done() 16769+288): Process leaving
0b:001000:3:1041905980.028499 (socknal.h:241:ksocknal_put_conn() 16769+256): putting conn[ec8d5200] -> 0x0x7f000001 (2)
0b:000200:3:1041905980.028504 (socknal_cb.c:1054:ksocknal_process_receive() 16769+288): sched c1ec94d0 conn f7fa6800
0b:000200:3:1041905980.028510 (socknal_cb.c:1094:ksocknal_process_receive() 16769+304): f7fa6800 read(72) 72
0a:004000:3:1041905980.028514 (lib-move.c:217:parse_put() 16769+608): taking state lock
0a:000001:3:1041905980.028518 (lib-move.c:42:lib_find_me() 16769+720): Process entered
0a:000200:3:1041905980.028521 (lib-move.c:45:lib_find_me() 16769+752): Request from 2130706433.0 of length 72 into portal 12 MB=0x6
0a:000001:3:1041905980.028526 (lib-move.c:110:lib_find_me() 16769+736): Process leaving (rc=3847634876 : -447332420 : e5563fbc)
0a:000200:3:1041905980.028532 (lib-move.c:246:parse_put() 16769+656): Incoming put index c from 2130706433/0 of length 72/72 into md e9e46ef4 [1](e8868000,32768)... + 808
0a:004000:3:1041905980.028541 (lib-move.c:301:parse_put() 16769+608): releasing state lock
0b:000200:3:1041905980.028548 (socknal_cb.c:1094:ksocknal_process_receive() 16769+304): f7fa6800 read(72) 72
0a:004000:3:1041905980.028553 (lib-msg.c:54:lib_finalize() 16769+448): taking state lock
0b:000200:3:1041905980.028556 (socknal_cb.c:58:ksocknal_write() 16769+528): 0x0x7f000001: writing 92 bytes from ebd74c44 -> f9131240
0b:000200:3:1041905980.028561 (socknal_cb.c:58:ksocknal_write() 16769+528): 0x0x7f000001: writing 4 bytes from ebd74ca0 -> f913129c
0b:000200:3:1041905980.028566 (socknal_cb.c:69:ksocknal_callback() 16769+496): 0x0x7f000001: callback eq e555ff6c ev ebd74c44
08:000001:0:1041905980.028575 (service.c:35:ptlrpc_check_event() 16921+224): Process entered
0a:004000:3:1041905980.028579 (lib-msg.c:134:lib_finalize() 16769+448): releasing state lock
0a:000001:0:1041905980.028583 (api-eq.c:43:PtlEQGet() 16921+288): Process entered
0b:000200:3:1041905980.028586 (socknal_cb.c:1054:ksocknal_process_receive() 16769+288): sched c1ec94d0 conn f7fa6800
0a:000040:0:1041905980.028591 (api-eq.c:58:PtlEQGet() 16921+304): new_event: f9131240, sequence: 6, eq->size: 1024
0b:000200:3:1041905980.028596 (socknal_cb.c:1094:ksocknal_process_receive() 16769+304): f7fa6800 read(72) -11
0a:000001:0:1041905980.028601 (api-eq.c:79:PtlEQGet() 16921+304): Process leaving (rc=0 : 0 : 0)
0b:001000:3:1041905980.028605 (socknal.h:241:ksocknal_put_conn() 16769+304): putting conn[f7fa6800] -> 0x0x7f000001 (2)
08:000001:0:1041905980.028610 (service.c:50:ptlrpc_check_event() 16921+240): Process leaving via out (rc=1 : 1 : 1)
08:000001:3:1041905980.028614 (service.c:35:ptlrpc_check_event() 16920+224): Process entered
08:100000:0:1041905980.028619 (service.c:179:handle_incoming_request() 16921+240): Handling RPC pid:xid:nid:opc 16947:0x6:7f000001:0
08:000200:0:1041905980.028625 (service.c:204:handle_incoming_request() 16921+240): got req 6 (md: e8868000 + 808)
0a:000001:3:1041905980.028629 (api-eq.c:43:PtlEQGet() 16920+288): Process entered
05:000001:0:1041905980.028633 (genops.c:275:class_conn2export() 16921+272): Process entered
05:000080:0:1041905980.028637 (genops.c:294:class_conn2export() 16921+288): looking for export addr 0xe551fe2c cookie 0x4c394d1879d335a0
0a:000040:3:1041905980.028642 (api-eq.c:58:PtlEQGet() 16920+304): new_event: f91312a0, sequence: 7, eq->size: 1024
05:000001:0:1041905980.028648 (genops.c:301:class_conn2export() 16921+288): Process leaving (rc=3847355948 : -447611348 : e551fe2c)
0a:000001:3:1041905980.028653 (api-eq.c:61:PtlEQGet() 16920+304): Process leaving (rc=25 : 25 : 19)
08:000001:0:1041905980.028658 (connection.c:135:ptlrpc_connection_addref() 16921+256): Process entered
08:000040:0:1041905980.028662 (connection.c:137:ptlrpc_connection_addref() 16921+256): connection=f6c26ef4 refcount 2
08:000001:3:1041905980.028666 (service.c:53:ptlrpc_check_event() 16920+240): Process leaving via out (rc=0 : 0 : 0)
08:000001:0:1041905980.028670 (connection.c:139:ptlrpc_connection_addref() 16921+272): Process leaving (rc=4139937524 : -155029772 : f6c26ef4)
08:000001:3:1041905980.028676 (service.c:35:ptlrpc_check_event() 16919+224): Process entered
02:000001:0:1041905980.028679 (handler.c:1252:mds_handle() 16921+272): Process entered
0a:000001:3:1041905980.028683 (api-eq.c:43:PtlEQGet() 16919+288): Process entered
08:000001:0:1041905980.028687 (pack_generic.c:79:lustre_unpack_msg() 16921+320): Process entered
08:000001:0:1041905980.028690 (pack_generic.c:106:lustre_unpack_msg() 16921+336): Process leaving (rc=0 : 0 : 0)
0a:000040:3:1041905980.028694 (api-eq.c:58:PtlEQGet() 16919+304): new_event: f91312a0, sequence: 7, eq->size: 1024
0a:000001:3:1041905980.028700 (api-eq.c:61:PtlEQGet() 16919+304): Process leaving (rc=25 : 25 : 19)
02:000002:0:1041905980.028704 (handler.c:1290:mds_handle() 16921+320): @@@ disconnect req x6/t0 o8->MDC_mds1_877a6_5f73f:-1 lens 72/0 ref 0 fl 0
08:000001:3:1041905980.028710 (service.c:53:ptlrpc_check_event() 16919+240): Process leaving via out (rc=0 : 0 : 0)
04:000001:0:1041905980.028714 (target.c:114:target_handle_disconnect() 16921+320): Process entered
08:000001:3:1041905980.028718 (service.c:35:ptlrpc_check_event() 16918+224): Process entered
08:000010:0:1041905980.028722 (pack_generic.c:42:lustre_pack_msg() 16921+400): kmalloced '*msg': 72 at ea44ba0c (tot 18890573)
0a:000001:3:1041905980.028727 (api-eq.c:43:PtlEQGet() 16918+288): Process entered
04:000001:0:1041905980.028731 (../include/linux/obd_class.h:381:obd_disconnect() 16921+352): Process entered
05:000001:0:1041905980.028735 (genops.c:275:class_conn2export() 16921+400): Process entered
05:000080:0:1041905980.028738 (genops.c:294:class_conn2export() 16921+416): looking for export addr 0xe551fe2c cookie 0x4c394d1879d335a0
05:000001:0:1041905980.028743 (genops.c:301:class_conn2export() 16921+416): Process leaving (rc=3847355948 : -447611348 : e551fe2c)
0a:000040:3:1041905980.028749 (api-eq.c:58:PtlEQGet() 16918+304): new_event: f91312a0, sequence: 7, eq->size: 1024
05:000001:0:1041905980.028754 (genops.c:275:class_conn2export() 16921+464): Process entered
0a:000001:3:1041905980.028758 (api-eq.c:61:PtlEQGet() 16918+304): Process leaving (rc=25 : 25 : 19)
08:000001:3:1041905980.028762 (service.c:53:ptlrpc_check_event() 16918+240): Process leaving via out (rc=0 : 0 : 0)
05:000080:0:1041905980.028767 (genops.c:294:class_conn2export() 16921+480): looking for export addr 0xe551fe2c cookie 0x4c394d1879d335a0
08:000001:3:1041905980.028772 (service.c:35:ptlrpc_check_event() 16917+224): Process entered
05:000001:0:1041905980.028776 (genops.c:301:class_conn2export() 16921+480): Process leaving (rc=3847355948 : -447611348 : e551fe2c)
02:000001:0:1041905980.028782 (handler.c:419:mds_disconnect() 16921+416): Process entered
0a:000001:3:1041905980.028785 (api-eq.c:43:PtlEQGet() 16917+288): Process entered
02:000040:0:1041905980.028789 (mds_fs.c:108:mds_client_free() 16921+640): freeing client at offset 0 with UUID 'MDC_mds1_877a6_5f73f'
0a:000040:3:1041905980.028793 (api-eq.c:58:PtlEQGet() 16917+304): new_event: f91312a0, sequence: 7, eq->size: 1024
0a:000001:3:1041905980.028798 (api-eq.c:61:PtlEQGet() 16917+304): Process leaving (rc=25 : 25 : 19)
08:000001:3:1041905980.028802 (service.c:53:ptlrpc_check_event() 16917+240): Process leaving via out (rc=0 : 0 : 0)
08:000001:3:1041905980.028807 (service.c:35:ptlrpc_check_event() 16916+224): Process entered
0a:000001:3:1041905980.028811 (api-eq.c:43:PtlEQGet() 16916+288): Process entered
0a:000040:3:1041905980.028814 (api-eq.c:58:PtlEQGet() 16916+304): new_event: f91312a0, sequence: 7, eq->size: 1024
0a:000001:3:1041905980.028818 (api-eq.c:61:PtlEQGet() 16916+304): Process leaving (rc=25 : 25 : 19)
08:000001:3:1041905980.028822 (service.c:53:ptlrpc_check_event() 16916+240): Process leaving via out (rc=0 : 0 : 0)
08:000001:3:1041905980.028826 (service.c:35:ptlrpc_check_event() 16915+224): Process entered
0a:000001:3:1041905980.028830 (api-eq.c:43:PtlEQGet() 16915+288): Process entered
0a:000040:3:1041905980.028833 (api-eq.c:58:PtlEQGet() 16915+304): new_event: f91312a0, sequence: 7, eq->size: 1024
0a:000001:3:1041905980.028837 (api-eq.c:61:PtlEQGet() 16915+304): Process leaving (rc=25 : 25 : 19)
08:000001:3:1041905980.028841 (service.c:53:ptlrpc_check_event() 16915+240): Process leaving via out (rc=0 : 0 : 0)
08:000001:3:1041905980.028846 (service.c:35:ptlrpc_check_event() 16914+224): Process entered
0a:000001:3:1041905980.028850 (api-eq.c:43:PtlEQGet() 16914+288): Process entered
0a:000040:3:1041905980.028853 (api-eq.c:58:PtlEQGet() 16914+304): new_event: f91312a0, sequence: 7, eq->size: 1024
02:000040:0:1041905980.028858 (mds_fs.c:131:mds_client_free() 16921+640): zeroed out disconnecting client MDC_mds1_877a6_5f73f at off 0
0a:000001:3:1041905980.028863 (api-eq.c:61:PtlEQGet() 16914+304): Process leaving (rc=25 : 25 : 19)
08:000001:3:1041905980.028868 (service.c:53:ptlrpc_check_event() 16914+240): Process leaving via out (rc=0 : 0 : 0)
02:000010:0:1041905980.028872 (mds_fs.c:134:mds_client_free() 16921+656): kfreed 'med->med_mcd': 128 at ea44bcb4 (tot 18890445).
05:000001:0:1041905980.028877 (genops.c:402:class_disconnect() 16921+448): Process entered
05:000001:0:1041905980.028881 (genops.c:275:class_conn2export() 16921+496): Process entered
05:000080:0:1041905980.028884 (genops.c:294:class_conn2export() 16921+512): looking for export addr 0xe551fe2c cookie 0x4c394d1879d335a0
05:000001:0:1041905980.028889 (genops.c:301:class_conn2export() 16921+512): Process leaving (rc=3847355948 : -447611348 : e551fe2c)
05:000080:0:1041905980.028898 (genops.c:412:class_disconnect() 16921+464): disconnect: addr e551fe2c cookie 4c394d1879d335a0
05:000001:0:1041905980.028902 (genops.c:348:class_destroy_export() 16921+496): Process entered
08:000001:0:1041905980.028905 (connection.c:109:ptlrpc_put_connection() 16921+544): Process entered
08:000040:0:1041905980.028909 (connection.c:117:ptlrpc_put_connection() 16921+544): connection=f6c26ef4 refcount 1
08:000001:0:1041905980.028913 (connection.c:130:ptlrpc_put_connection() 16921+560): Process leaving (rc=0 : 0 : 0)
05:000001:0:1041905980.028917 (genops.c:368:class_destroy_export() 16921+496): Process leaving
05:000001:0:1041905980.028920 (genops.c:416:class_disconnect() 16921+464): Process leaving (rc=0 : 0 : 0)
02:000001:0:1041905980.028924 (handler.c:443:mds_disconnect() 16921+432): Process leaving (rc=0 : 0 : 0)
04:000001:0:1041905980.028928 (../include/linux/obd_class.h:387:obd_disconnect() 16921+368): Process leaving (rc=0 : 0 : 0)
04:000001:0:1041905980.028932 (target.c:122:target_handle_disconnect() 16921+336): Process leaving (rc=0 : 0 : 0)
02:000200:0:1041905980.028938 (handler.c:1416:mds_handle() 16921+272): sending reply
0a:000200:0:1041905980.028942 (lib-dispatch.c:54:lib_dispatch() 16921+720): 2130706433: API call PtlMDBind (13)
0a:004000:0:1041905980.028946 (lib-md.c:261:do_PtlMDBind() 16921+752): taking state lock
0a:004000:0:1041905980.028951 (lib-md.c:269:do_PtlMDBind() 16921+752): releasing state lock
08:000200:0:1041905980.028954 (niobuf.c:77:ptl_send_buf() 16921+400): Sending 72 bytes to portal 10, xid 6
0a:000200:0:1041905980.028958 (lib-dispatch.c:54:lib_dispatch() 16921+720): 2130706433: API call PtlPut (19)
0a:004000:0:1041905980.028962 (lib-move.c:737:do_PtlPut() 16921+1040): taking state lock
0a:000200:0:1041905980.028966 (lib-move.c:745:do_PtlPut() 16921+1056): PtlPut -> 2130706433: 0
0a:004000:0:1041905980.028970 (lib-move.c:800:do_PtlPut() 16921+1040): releasing state lock
0b:000200:0:1041905980.028974 (socknal_cb.c:631:ksocknal_send() 16921+1168): sending %zd bytes from [72](00000001,-364594676)... to nid: 0x0x7f00000100000048 pid 0
0b:000200:0:1041905980.028980 (socknal.c:484:ksocknal_get_conn() 16921+1200): got conn [ec8d5200] -> 0x0x7f000001 (2)
0b:000200:0:1041905980.028986 (socknal_cb.c:580:ksocknal_launch_packet() 16921+1200): type 1, nob 144 niov 2
08:000001:0:1041905980.028991 (connection.c:109:ptlrpc_put_connection() 16921+272): Process entered
08:000040:0:1041905980.028995 (connection.c:117:ptlrpc_put_connection() 16921+272): connection=f6c26ef4 refcount 0
0b:000001:3:1041905980.029000 (socknal_cb.c:234:ksocknal_sendmsg() 16769+352): Process entered
08:000001:0:1041905980.029004 (recovd.c:92:recovd_conn_unmanage() 16921+320): Process entered
08:000001:0:1041905980.029007 (connection.c:130:ptlrpc_put_connection() 16921+288): Process leaving (rc=1 : 1 : 1)
08:000001:0:1041905980.029011 (service.c:35:ptlrpc_check_event() 16921+224): Process entered
0a:000001:0:1041905980.029015 (api-eq.c:43:PtlEQGet() 16921+288): Process entered
0a:000040:0:1041905980.029018 (api-eq.c:58:PtlEQGet() 16921+304): new_event: f91312a0, sequence: 7, eq->size: 1024
0a:000001:0:1041905980.029022 (api-eq.c:61:PtlEQGet() 16921+304): Process leaving (rc=25 : 25 : 19)
0b:000001:3:1041905980.029027 (socknal_cb.c:1300:ksocknal_data_ready() 16769+1344): Process entered
08:000001:0:1041905980.029031 (service.c:53:ptlrpc_check_event() 16921+240): Process leaving via out (rc=0 : 0 : 0)
0b:000001:3:1041905980.029035 (socknal_cb.c:1338:ksocknal_data_ready() 16769+1344): Process leaving
08:000001:0:1041905980.029039 (service.c:35:ptlrpc_check_event() 16921+224): Process entered
0b:000001:3:1041905980.029044 (socknal_cb.c:305:ksocknal_sendmsg() 16769+368): Process leaving (rc=144 : 144 : 90)
0a:000001:0:1041905980.029048 (api-eq.c:43:PtlEQGet() 16921+288): Process entered
0b:000200:3:1041905980.029052 (socknal_cb.c:503:ksocknal_process_transmit() 16769+240): send(144) 144
0a:000040:0:1041905980.029056 (api-eq.c:58:PtlEQGet() 16921+304): new_event: f91312a0, sequence: 7, eq->size: 1024
0b:001000:3:1041905980.029061 (socknal.h:241:ksocknal_put_conn() 16769+256): putting conn[ec8d5200] -> 0x0x7f000001 (3)
0a:000001:0:1041905980.029066 (api-eq.c:61:PtlEQGet() 16921+304): Process leaving (rc=25 : 25 : 19)
08:000001:0:1041905980.029071 (service.c:53:ptlrpc_check_event() 16921+240): Process leaving via out (rc=0 : 0 : 0)
0b:000001:3:1041905980.029075 (socknal_cb.c:438:ksocknal_tx_done() 16769+288): Process entered
0a:004000:3:1041905980.029079 (lib-msg.c:54:lib_finalize() 16769+448): taking state lock
0b:000200:3:1041905980.029083 (socknal_cb.c:58:ksocknal_write() 16769+528): 0x0x7f000001: writing 92 bytes from ebd74bbc -> f8fe9300
0b:000200:3:1041905980.029088 (socknal_cb.c:58:ksocknal_write() 16769+528): 0x0x7f000001: writing 4 bytes from ebd74c18 -> f8fe935c
0b:000200:3:1041905980.029093 (socknal_cb.c:69:ksocknal_callback() 16769+496): 0x0x7f000001: callback eq e9218f44 ev ebd74bbc
08:000001:3:1041905980.029098 (events.c:62:reply_out_callback() 16769+528): Process entered
08:000010:3:1041905980.029102 (events.c:68:reply_out_callback() 16769+544): kfreed 'ev->mem_desc.start': 72 at ea44ba0c (tot 18890373).
08:000001:3:1041905980.029107 (events.c:75:reply_out_callback() 16769+544): Process leaving (rc=1 : 1 : 1)
0a:000200:3:1041905980.029111 (lib-md.c:34:lib_md_unlink() 16769+496): Unlinking md e5528ad4
0b:000200:3:1041905980.029115 (socknal_cb.c:100:ksocknal_invalidate() 16769+544): 0x0x7f000001: invalidating ea44ba0c : %zd
0a:004000:3:1041905980.029120 (lib-msg.c:134:lib_finalize() 16769+448): releasing state lock
0b:000001:3:1041905980.029124 (socknal_cb.c:465:ksocknal_tx_done() 16769+288): Process leaving
0b:001000:3:1041905980.029127 (socknal.h:241:ksocknal_put_conn() 16769+256): putting conn[ec8d5200] -> 0x0x7f000001 (2)
0b:000200:3:1041905980.029132 (socknal_cb.c:1054:ksocknal_process_receive() 16769+288): sched c1ec94d0 conn f7fa6800
0b:000200:3:1041905980.029137 (socknal_cb.c:1094:ksocknal_process_receive() 16769+304): f7fa6800 read(72) 72
0a:004000:3:1041905980.029141 (lib-move.c:217:parse_put() 16769+608): taking state lock
0a:000001:3:1041905980.029145 (lib-move.c:42:lib_find_me() 16769+720): Process entered
0a:000200:3:1041905980.029148 (lib-move.c:45:lib_find_me() 16769+752): Request from 2130706433.0 of length 72 into portal 10 MB=0x6
0a:000001:3:1041905980.029153 (lib-move.c:110:lib_find_me() 16769+736): Process leaving (rc=3946421980 : -348545316 : eb399edc)
0a:000200:3:1041905980.029157 (lib-move.c:246:parse_put() 16769+656): Incoming put index a from 2130706433/0 of length 72/72 into md ec5946b4 [1](ef0eca0c,72)... + 0
0a:004000:3:1041905980.029164 (lib-move.c:301:parse_put() 16769+608): releasing state lock
0b:000200:3:1041905980.029170 (socknal_cb.c:1094:ksocknal_process_receive() 16769+304): f7fa6800 read(72) 72
0a:004000:3:1041905980.029174 (lib-msg.c:54:lib_finalize() 16769+448): taking state lock
0b:000200:3:1041905980.029178 (socknal_cb.c:58:ksocknal_write() 16769+528): 0x0x7f000001: writing 92 bytes from ebd74bbc -> f9002300
0b:000200:3:1041905980.029183 (socknal_cb.c:58:ksocknal_write() 16769+528): 0x0x7f000001: writing 4 bytes from ebd74c18 -> f900235c
0b:000200:3:1041905980.029188 (socknal_cb.c:69:ksocknal_callback() 16769+496): 0x0x7f000001: callback eq e9218f1c ev ebd74bbc
08:000001:3:1041905980.029193 (events.c:84:reply_in_callback() 16769+528): Process entered
08:000001:3:1041905980.029197 (events.c:110:reply_in_callback() 16769+544): Process leaving (rc=1 : 1 : 1)
0a:000200:3:1041905980.029201 (lib-md.c:34:lib_md_unlink() 16769+496): Unlinking md ec5946b4
0b:000200:3:1041905980.029205 (socknal_cb.c:100:ksocknal_invalidate() 16769+544): 0x0x7f000001: invalidating ef0eca0c : %zd
0b:000200:3:1041905980.029212 (socknal_cb.c:124:ksocknal_printf() 16769+848): 2130706433: Unlinking ME 0
0a:004000:3:1041905980.029217 (lib-msg.c:134:lib_finalize() 16769+448): releasing state lock
0b:000200:3:1041905980.029220 (socknal_cb.c:1054:ksocknal_process_receive() 16769+288): sched c1ec94d0 conn f7fa6800
0b:000200:3:1041905980.029225 (socknal_cb.c:1094:ksocknal_process_receive() 16769+304): f7fa6800 read(72) -11
0b:001000:3:1041905980.029230 (socknal.h:241:ksocknal_put_conn() 16769+304): putting conn[f7fa6800] -> 0x0x7f000001 (2)
08:000001:3:1041905980.029236 (client.c:379:ptlrpc_check_reply() 16947+612): Process entered
08:000001:3:1041905980.029239 (client.c:383:ptlrpc_check_reply() 16947+628): Process leaving via out (rc=1 : 1 : 1)
08:000200:3:1041905980.029243 (client.c:404:ptlrpc_check_reply() 16947+660): @@@ rc = 1 for req x6/t0 o8->NET_localhost_tcp_UUID:12 lens 72/72 ref 1 fl 2
08:000200:3:1041905980.029249 (client.c:667:ptlrpc_queue_wait() 16947+628): @@@ -- done sleeping req x6/t0 o8->NET_localhost_tcp_UUID:12 lens 72/72 ref 1 fl 2
08:000001:3:1041905980.029255 (pack_generic.c:79:lustre_unpack_msg() 16947+628): Process entered
08:000001:3:1041905980.029258 (pack_generic.c:106:lustre_unpack_msg() 16947+644): Process leaving (rc=0 : 0 : 0)
08:000200:3:1041905980.029262 (client.c:716:ptlrpc_queue_wait() 16947+628): @@@ status 0
 req x6/t0 o8->NET_localhost_tcp_UUID:12 lens 72/72 ref 1 fl 2
08:000001:3:1041905980.029268 (client.c:453:ptlrpc_free_committed() 16947+644): Process entered
08:080000:3:1041905980.029271 (client.c:460:ptlrpc_free_committed() 16947+660): committing for xid 0, last_committed 0
08:000001:3:1041905980.029275 (client.c:481:ptlrpc_free_committed() 16947+644): Process leaving
08:000001:3:1041905980.029278 (client.c:411:ptlrpc_check_status() 16947+612): Process entered
08:000001:3:1041905980.029281 (client.c:426:ptlrpc_check_status() 16947+628): Process leaving (rc=0 : 0 : 0)
08:000001:3:1041905980.029285 (client.c:766:ptlrpc_queue_wait() 16947+580): Process leaving
04:000001:3:1041905980.029288 (client.c:272:client_obd_disconnect() 16947+372): Process leaving
08:000001:3:1041905980.029292 (client.c:355:__ptlrpc_req_finished() 16947+436): Process entered
08:000040:3:1041905980.029295 (client.c:360:__ptlrpc_req_finished() 16947+484): @@@ refcount now 0 req x6/t0 o8->NET_localhost_tcp_UUID:12 lens 72/72 ref 1 fl 2
08:000001:3:1041905980.029301 (client.c:310:__ptlrpc_free_req() 16947+484): Process entered
08:000010:3:1041905980.029304 (client.c:326:__ptlrpc_free_req() 16947+500): kfreed 'request->rq_repmsg': 72 at ef0eca0c (tot 18890301).
08:000010:3:1041905980.029309 (client.c:331:__ptlrpc_free_req() 16947+500): kfreed 'request->rq_reqmsg': 72 at ef49b764 (tot 18890229).
08:000001:3:1041905980.029314 (connection.c:109:ptlrpc_put_connection() 16947+532): Process entered
08:000040:3:1041905980.029317 (connection.c:117:ptlrpc_put_connection() 16947+532): connection=f6c3b084 refcount 3
08:000001:3:1041905980.029321 (connection.c:130:ptlrpc_put_connection() 16947+548): Process leaving (rc=0 : 0 : 0)
08:000010:3:1041905980.029325 (client.c:344:__ptlrpc_free_req() 16947+500): kfreed 'request': 204 at f60f04a4 (tot 18890025).
08:000001:3:1041905980.029330 (client.c:345:__ptlrpc_free_req() 16947+484): Process leaving
08:000001:3:1041905980.029333 (client.c:364:__ptlrpc_req_finished() 16947+452): Process leaving (rc=1 : 1 : 1)
05:000001:3:1041905980.029337 (genops.c:402:class_disconnect() 16947+404): Process entered
05:000001:3:1041905980.029341 (genops.c:275:class_conn2export() 16947+452): Process entered
05:000080:3:1041905980.029345 (genops.c:294:class_conn2export() 16947+468): looking for export addr 0xe9c5cee4 cookie 0x390d86d4617b981c
05:000001:3:1041905980.029351 (genops.c:301:class_conn2export() 16947+468): Process leaving (rc=3922054884 : -372912412 : e9c5cee4)
05:000080:3:1041905980.029356 (genops.c:412:class_disconnect() 16947+420): disconnect: addr e9c5cee4 cookie 390d86d4617b981c
05:000001:3:1041905980.029360 (genops.c:348:class_destroy_export() 16947+452): Process entered
08:000001:3:1041905980.029364 (connection.c:109:ptlrpc_put_connection() 16947+500): Process entered
08:000040:3:1041905980.029367 (connection.c:117:ptlrpc_put_connection() 16947+500): connection=f6c3b084 refcount 2
08:000001:3:1041905980.029371 (connection.c:130:ptlrpc_put_connection() 16947+516): Process leaving (rc=0 : 0 : 0)
05:000001:3:1041905980.029376 (genops.c:368:class_destroy_export() 16947+452): Process leaving
05:000001:3:1041905980.029379 (genops.c:416:class_disconnect() 16947+420): Process leaving (rc=0 : 0 : 0)
04:000001:3:1041905980.029383 (client.c:284:client_obd_disconnect() 16947+388): Process leaving (rc=0 : 0 : 0)
07:000001:3:1041905980.029387 (../include/linux/obd_class.h:387:obd_disconnect() 16947+340): Process leaving (rc=0 : 0 : 0)
07:000010:3:1041905980.029392 (super.c:288:ll_put_super() 16947+308): kfreed 'sbi': 160 at f60f0084 (tot 18889865).
07:000001:3:1041905980.029398 (super.c:291:ll_put_super() 16947+292): Process leaving
0a:000001:3:1041905982.667636 (module.c:200:kportal_psdev_open() 16948+420): Process entered
0a:000001:3:1041905982.667644 (module.c:206:kportal_psdev_open() 16948+436): Process leaving (rc=0 : 0 : 0)
0a:000001:3:1041905995.185337 (module.c:200:kportal_psdev_open() 16948+420): Process entered
0a:000001:3:1041905995.185347 (module.c:206:kportal_psdev_open() 16948+436): Process leaving (rc=0 : 0 : 0)
0a:000001:3:1041905995.185527 (module.c:423:kportal_ioctl() 16948+1284): Process entered
0a:000001:3:1041905995.185534 (../../include/linux/kp30.h:740:portal_ioctl_getdata() 16948+1332): Process entered
0a:000001:3:1041905995.185544 (../../include/linux/kp30.h:787:portal_ioctl_getdata() 16948+1332): Process leaving
